[0.173s] DEBUG:colcon:Command line arguments: ['/usr/bin/colcon', 'build', '--symlink-install']
[0.173s] DEBUG:colcon:Parsed command line arguments: Namespace(log_base=None, log_level=None, verb_name='build', build_base='build', install_base='install', merge_install=False, symlink_install=True, test_result_base=None, continue_on_error=False, executor='parallel', parallel_workers=4, event_handlers=None, ignore_user_meta=False, metas=['./colcon.meta'], base_paths=['.'], packages_ignore=None, packages_ignore_regex=None, paths=None, packages_up_to=None, packages_up_to_regex=None, packages_above=None, packages_above_and_dependencies=None, packages_above_depth=None, packages_select_by_dep=None, packages_skip_by_dep=None, packages_skip_up_to=None, packages_select_build_failed=False, packages_skip_build_finished=False, packages_select_test_failures=False, packages_skip_test_passed=False, packages_select=None, packages_skip=None, packages_select_regex=None, packages_skip_regex=None, packages_start=None, packages_end=None, allow_overriding=[], cmake_args=None, cmake_target=None, cmake_target_skip_unavailable=False, cmake_clean_cache=False, cmake_clean_first=False, cmake_force_configure=False, ament_cmake_args=None, catkin_cmake_args=None, catkin_skip_building_tests=False, verb_parser=<colcon_defaults.argument_parser.defaults.DefaultArgumentsDecorator object at 0x7d6cd105c610>, verb_extension=<colcon_core.verb.build.BuildVerb object at 0x7d6cd11d1210>, main=<bound method BuildVerb.main of <colcon_core.verb.build.BuildVerb object at 0x7d6cd11d1210>>)
[0.445s] Level 1:colcon.colcon_core.package_discovery:discover_packages(colcon_meta) check parameters
[0.445s] Level 1:colcon.colcon_core.package_discovery:discover_packages(recursive) check parameters
[0.445s] Level 1:colcon.colcon_core.package_discovery:discover_packages(ignore) check parameters
[0.445s] Level 1:colcon.colcon_core.package_discovery:discover_packages(path) check parameters
[0.445s] Level 1:colcon.colcon_core.package_discovery:discover_packages(colcon_meta) discover
[0.445s] Level 1:colcon.colcon_core.package_discovery:discover_packages(recursive) discover
[0.445s] INFO:colcon.colcon_core.package_discovery:Crawling recursively for packages in '/home/jeff/ros2_ws'
[0.446s] Level 1:colcon.colcon_core.package_identification:_identify(.) by extensions ['ignore', 'ignore_ament_install']
[0.446s] Level 1:colcon.colcon_core.package_identification:_identify(.) by extension 'ignore'
[0.446s] Level 1:colcon.colcon_core.package_identification:_identify(.) by extension 'ignore_ament_install'
[0.446s] Level 1:colcon.colcon_core.package_identification:_identify(.) by extensions ['colcon_pkg']
[0.446s] Level 1:colcon.colcon_core.package_identification:_identify(.) by extension 'colcon_pkg'
[0.446s] Level 1:colcon.colcon_core.package_identification:_identify(.) by extensions ['colcon_meta']
[0.446s] Level 1:colcon.colcon_core.package_identification:_identify(.) by extension 'colcon_meta'
[0.446s] Level 1:colcon.colcon_core.package_identification:_identify(.) by extensions ['ros']
[0.446s] Level 1:colcon.colcon_core.package_identification:_identify(.) by extension 'ros'
[0.464s] Level 1:colcon.colcon_core.package_identification:_identify(.) by extensions ['cmake', 'python']
[0.464s] Level 1:colcon.colcon_core.package_identification:_identify(.) by extension 'cmake'
[0.464s] Level 1:colcon.colcon_core.package_identification:_identify(.) by extension 'python'
[0.464s] Level 1:colcon.colcon_core.package_identification:_identify(.) by extensions ['python_setup_py']
[0.464s] Level 1:colcon.colcon_core.package_identification:_identify(.) by extension 'python_setup_py'
[0.465s] Level 1:colcon.colcon_core.package_identification:_identify(build) by extensions ['ignore', 'ignore_ament_install']
[0.465s] Level 1:colcon.colcon_core.package_identification:_identify(build) by extension 'ignore'
[0.465s] Level 1:colcon.colcon_core.package_identification:_identify(build) ignored
[0.465s] Level 1:colcon.colcon_core.package_identification:_identify(install) by extensions ['ignore', 'ignore_ament_install']
[0.465s] Level 1:colcon.colcon_core.package_identification:_identify(install) by extension 'ignore'
[0.465s] Level 1:colcon.colcon_core.package_identification:_identify(install) ignored
[0.466s] Level 1:colcon.colcon_core.package_identification:_identify(log) by extensions ['ignore', 'ignore_ament_install']
[0.466s] Level 1:colcon.colcon_core.package_identification:_identify(log) by extension 'ignore'
[0.466s] Level 1:colcon.colcon_core.package_identification:_identify(log) ignored
[0.466s] Level 1:colcon.colcon_core.package_identification:_identify(src) by extensions ['ignore', 'ignore_ament_install']
[0.466s] Level 1:colcon.colcon_core.package_identification:_identify(src) by extension 'ignore'
[0.466s] Level 1:colcon.colcon_core.package_identification:_identify(src) by extension 'ignore_ament_install'
[0.466s] Level 1:colcon.colcon_core.package_identification:_identify(src) by extensions ['colcon_pkg']
[0.466s] Level 1:colcon.colcon_core.package_identification:_identify(src) by extension 'colcon_pkg'
[0.466s] Level 1:colcon.colcon_core.package_identification:_identify(src) by extensions ['colcon_meta']
[0.466s] Level 1:colcon.colcon_core.package_identification:_identify(src) by extension 'colcon_meta'
[0.467s] Level 1:colcon.colcon_core.package_identification:_identify(src) by extensions ['ros']
[0.467s] Level 1:colcon.colcon_core.package_identification:_identify(src) by extension 'ros'
[0.467s] Level 1:colcon.colcon_core.package_identification:_identify(src) by extensions ['cmake', 'python']
[0.467s] Level 1:colcon.colcon_core.package_identification:_identify(src) by extension 'cmake'
[0.467s] Level 1:colcon.colcon_core.package_identification:_identify(src) by extension 'python'
[0.467s] Level 1:colcon.colcon_core.package_identification:_identify(src) by extensions ['python_setup_py']
[0.467s] Level 1:colcon.colcon_core.package_identification:_identify(src) by extension 'python_setup_py'
[0.467s] Level 1:colcon.colcon_core.package_identification:_identify(src/primo-arm-r00) by extensions ['ignore', 'ignore_ament_install']
[0.467s] Level 1:colcon.colcon_core.package_identification:_identify(src/primo-arm-r00) by extension 'ignore'
[0.467s] Level 1:colcon.colcon_core.package_identification:_identify(src/primo-arm-r00) by extension 'ignore_ament_install'
[0.467s] Level 1:colcon.colcon_core.package_identification:_identify(src/primo-arm-r00) by extensions ['colcon_pkg']
[0.467s] Level 1:colcon.colcon_core.package_identification:_identify(src/primo-arm-r00) by extension 'colcon_pkg'
[0.467s] Level 1:colcon.colcon_core.package_identification:_identify(src/primo-arm-r00) by extensions ['colcon_meta']
[0.468s] Level 1:colcon.colcon_core.package_identification:_identify(src/primo-arm-r00) by extension 'colcon_meta'
[0.468s] Level 1:colcon.colcon_core.package_identification:_identify(src/primo-arm-r00) by extensions ['ros']
[0.468s] Level 1:colcon.colcon_core.package_identification:_identify(src/primo-arm-r00) by extension 'ros'
[0.471s] DEBUG:colcon.colcon_core.package_identification:Package 'src/primo-arm-r00' with type 'ros.ament_python' and name 'primo-arm-r00'
[0.471s] Level 1:colcon.colcon_core.package_identification:_identify(src/primo-arm-r01) by extensions ['ignore', 'ignore_ament_install']
[0.471s] Level 1:colcon.colcon_core.package_identification:_identify(src/primo-arm-r01) by extension 'ignore'
[0.471s] Level 1:colcon.colcon_core.package_identification:_identify(src/primo-arm-r01) by extension 'ignore_ament_install'
[0.472s] Level 1:colcon.colcon_core.package_identification:_identify(src/primo-arm-r01) by extensions ['colcon_pkg']
[0.472s] Level 1:colcon.colcon_core.package_identification:_identify(src/primo-arm-r01) by extension 'colcon_pkg'
[0.472s] Level 1:colcon.colcon_core.package_identification:_identify(src/primo-arm-r01) by extensions ['colcon_meta']
[0.472s] Level 1:colcon.colcon_core.package_identification:_identify(src/primo-arm-r01) by extension 'colcon_meta'
[0.472s] Level 1:colcon.colcon_core.package_identification:_identify(src/primo-arm-r01) by extensions ['ros']
[0.472s] Level 1:colcon.colcon_core.package_identification:_identify(src/primo-arm-r01) by extension 'ros'
[0.473s] DEBUG:colcon.colcon_core.package_identification:Package 'src/primo-arm-r01' with type 'ros.ament_python' and name 'primo-arm-r01'
[0.473s] Level 1:colcon.colcon_core.package_discovery:discover_packages(recursive) using defaults
[0.473s] Level 1:colcon.colcon_core.package_discovery:discover_packages(ignore) discover
[0.473s] Level 1:colcon.colcon_core.package_discovery:discover_packages(ignore) using defaults
[0.473s] Level 1:colcon.colcon_core.package_discovery:discover_packages(path) discover
[0.473s] Level 1:colcon.colcon_core.package_discovery:discover_packages(path) using defaults
[0.504s] Level 1:colcon.colcon_core.package_discovery:discover_packages(prefix_path) check parameters
[0.505s] Level 1:colcon.colcon_core.package_discovery:discover_packages(prefix_path) discover
[0.509s] DEBUG:colcon.colcon_installed_package_information.package_discovery:Found 2 installed packages in /home/jeff/ros2_ws/install
[0.511s] DEBUG:colcon.colcon_installed_package_information.package_discovery:Found 320 installed packages in /opt/ros/humble
[0.527s] Level 1:colcon.colcon_core.package_discovery:discover_packages(prefix_path) using defaults
[0.595s] Level 5:colcon.colcon_core.verb:set package 'primo-arm-r00' build argument 'cmake_args' from command line to 'None'
[0.595s] Level 5:colcon.colcon_core.verb:set package 'primo-arm-r00' build argument 'cmake_target' from command line to 'None'
[0.595s] Level 5:colcon.colcon_core.verb:set package 'primo-arm-r00' build argument 'cmake_target_skip_unavailable' from command line to 'False'
[0.595s] Level 5:colcon.colcon_core.verb:set package 'primo-arm-r00' build argument 'cmake_clean_cache' from command line to 'False'
[0.595s] Level 5:colcon.colcon_core.verb:set package 'primo-arm-r00' build argument 'cmake_clean_first' from command line to 'False'
[0.595s] Level 5:colcon.colcon_core.verb:set package 'primo-arm-r00' build argument 'cmake_force_configure' from command line to 'False'
[0.595s] Level 5:colcon.colcon_core.verb:set package 'primo-arm-r00' build argument 'ament_cmake_args' from command line to 'None'
[0.595s] Level 5:colcon.colcon_core.verb:set package 'primo-arm-r00' build argument 'catkin_cmake_args' from command line to 'None'
[0.595s] Level 5:colcon.colcon_core.verb:set package 'primo-arm-r00' build argument 'catkin_skip_building_tests' from command line to 'False'
[0.595s] DEBUG:colcon.colcon_core.verb:Building package 'primo-arm-r00' with the following arguments: {'ament_cmake_args': None, 'build_base': '/home/jeff/ros2_ws/build/primo-arm-r00', 'catkin_cmake_args': None, 'catkin_skip_building_tests': False, 'cmake_args': None, 'cmake_clean_cache': False, 'cmake_clean_first': False, 'cmake_force_configure': False, 'cmake_target': None, 'cmake_target_skip_unavailable': False, 'install_base': '/home/jeff/ros2_ws/install/primo-arm-r00', 'merge_install': False, 'path': '/home/jeff/ros2_ws/src/primo-arm-r00', 'symlink_install': True, 'test_result_base': None}
[0.596s] Level 5:colcon.colcon_core.verb:set package 'primo-arm-r01' build argument 'cmake_args' from command line to 'None'
[0.596s] Level 5:colcon.colcon_core.verb:set package 'primo-arm-r01' build argument 'cmake_target' from command line to 'None'
[0.596s] Level 5:colcon.colcon_core.verb:set package 'primo-arm-r01' build argument 'cmake_target_skip_unavailable' from command line to 'False'
[0.596s] Level 5:colcon.colcon_core.verb:set package 'primo-arm-r01' build argument 'cmake_clean_cache' from command line to 'False'
[0.596s] Level 5:colcon.colcon_core.verb:set package 'primo-arm-r01' build argument 'cmake_clean_first' from command line to 'False'
[0.596s] Level 5:colcon.colcon_core.verb:set package 'primo-arm-r01' build argument 'cmake_force_configure' from command line to 'False'
[0.596s] Level 5:colcon.colcon_core.verb:set package 'primo-arm-r01' build argument 'ament_cmake_args' from command line to 'None'
[0.596s] Level 5:colcon.colcon_core.verb:set package 'primo-arm-r01' build argument 'catkin_cmake_args' from command line to 'None'
[0.596s] Level 5:colcon.colcon_core.verb:set package 'primo-arm-r01' build argument 'catkin_skip_building_tests' from command line to 'False'
[0.596s] DEBUG:colcon.colcon_core.verb:Building package 'primo-arm-r01' with the following arguments: {'ament_cmake_args': None, 'build_base': '/home/jeff/ros2_ws/build/primo-arm-r01', 'catkin_cmake_args': None, 'catkin_skip_building_tests': False, 'cmake_args': None, 'cmake_clean_cache': False, 'cmake_clean_first': False, 'cmake_force_configure': False, 'cmake_target': None, 'cmake_target_skip_unavailable': False, 'install_base': '/home/jeff/ros2_ws/install/primo-arm-r01', 'merge_install': False, 'path': '/home/jeff/ros2_ws/src/primo-arm-r01', 'symlink_install': True, 'test_result_base': None}
[0.596s] INFO:colcon.colcon_core.executor:Executing jobs using 'parallel' executor
[0.598s] DEBUG:colcon.colcon_parallel_executor.executor.parallel:run_until_complete
[0.598s] INFO:colcon.colcon_ros.task.ament_python.build:Building ROS package in '/home/jeff/ros2_ws/src/primo-arm-r00' with build type 'ament_python'
[0.598s] Level 1:colcon.colcon_core.shell:create_environment_hook('primo-arm-r00', 'ament_prefix_path')
[0.601s] INFO:colcon.colcon_core.plugin_system:Skipping extension 'colcon_core.shell.bat': Not used on non-Windows systems
[0.602s] INFO:colcon.colcon_core.shell:Creating environment hook '/home/jeff/ros2_ws/install/primo-arm-r00/share/primo-arm-r00/hook/ament_prefix_path.ps1'
[0.603s] INFO:colcon.colcon_core.shell:Creating environment descriptor '/home/jeff/ros2_ws/install/primo-arm-r00/share/primo-arm-r00/hook/ament_prefix_path.dsv'
[0.603s] INFO:colcon.colcon_core.shell:Creating environment hook '/home/jeff/ros2_ws/install/primo-arm-r00/share/primo-arm-r00/hook/ament_prefix_path.sh'
[0.605s] INFO:colcon.colcon_core.shell:Skip shell extension 'powershell' for command environment: Not usable outside of PowerShell
[0.605s] DEBUG:colcon.colcon_core.shell:Skip shell extension 'dsv' for command environment
[0.610s] INFO:colcon.colcon_ros.task.ament_python.build:Building ROS package in '/home/jeff/ros2_ws/src/primo-arm-r01' with build type 'ament_python'
[0.610s] Level 1:colcon.colcon_core.shell:create_environment_hook('primo-arm-r01', 'ament_prefix_path')
[0.611s] INFO:colcon.colcon_core.shell:Creating environment hook '/home/jeff/ros2_ws/install/primo-arm-r01/share/primo-arm-r01/hook/ament_prefix_path.ps1'
[0.612s] INFO:colcon.colcon_core.shell:Creating environment descriptor '/home/jeff/ros2_ws/install/primo-arm-r01/share/primo-arm-r01/hook/ament_prefix_path.dsv'
[0.613s] INFO:colcon.colcon_core.shell:Creating environment hook '/home/jeff/ros2_ws/install/primo-arm-r01/share/primo-arm-r01/hook/ament_prefix_path.sh'
[0.614s] INFO:colcon.colcon_core.shell:Skip shell extension 'powershell' for command environment: Not usable outside of PowerShell
[0.615s] DEBUG:colcon.colcon_core.shell:Skip shell extension 'dsv' for command environment
[1.041s] INFO:colcon.colcon_core.task.python.build:Building Python package in '/home/jeff/ros2_ws/src/primo-arm-r00'
[1.042s] INFO:colcon.colcon_core.shell:Skip shell extension 'powershell' for command environment: Not usable outside of PowerShell
[1.042s] DEBUG:colcon.colcon_core.shell:Skip shell extension 'dsv' for command environment
[1.465s] WARNING:colcon.colcon_ros.task.ament_python.build:Package 'primo-arm-r01' doesn't explicitly install a marker in the package index (colcon-ros currently does it implicitly but that fallback will be removed in the future)
[1.465s] INFO:colcon.colcon_core.task.python.build:Building Python package in '/home/jeff/ros2_ws/src/primo-arm-r01'
[1.466s] INFO:colcon.colcon_core.shell:Skip shell extension 'powershell' for command environment: Not usable outside of PowerShell
[1.466s] DEBUG:colcon.colcon_core.shell:Skip shell extension 'dsv' for command environment
[2.082s] DEBUG:colcon.colcon_core.event_handler.log_command:Invoking command in '/home/jeff/ros2_ws/build/primo-arm-r00': PYTHONPATH=/home/jeff/ros2_ws/build/primo-arm-r00/prefix_override:/usr/lib/python3/dist-packages/colcon_core/task/python/colcon_distutils_commands:/home/jeff/ros2_ws/install/primo-arm-r00/lib/python3.10/site-packages:${PYTHONPATH} /usr/bin/python3 -W ignore:setup.py install is deprecated -W ignore:easy_install command is deprecated setup.py develop --editable --build-directory /home/jeff/ros2_ws/build/primo-arm-r00/build --no-deps symlink_data
[2.091s] DEBUG:colcon.colcon_core.event_handler.log_command:Invoking command in '/home/jeff/ros2_ws/build/primo-arm-r01': PYTHONPATH=/home/jeff/ros2_ws/build/primo-arm-r01/prefix_override:/usr/lib/python3/dist-packages/colcon_core/task/python/colcon_distutils_commands:/home/jeff/ros2_ws/install/primo-arm-r01/lib/python3.10/site-packages:${PYTHONPATH} /usr/bin/python3 -W ignore:setup.py install is deprecated -W ignore:easy_install command is deprecated setup.py develop --editable --build-directory /home/jeff/ros2_ws/build/primo-arm-r01/build --no-deps symlink_data
[3.202s] Level 1:colcon.colcon_core.shell:create_environment_hook('primo-arm-r01', 'pythonpath_develop')
[3.204s] INFO:colcon.colcon_core.shell:Creating environment hook '/home/jeff/ros2_ws/build/primo-arm-r01/share/primo-arm-r01/hook/pythonpath_develop.ps1'
[3.203s] DEBUG:colcon.colcon_core.event_handler.log_command:Invoked command in '/home/jeff/ros2_ws/build/primo-arm-r01' returned '0': PYTHONPATH=/home/jeff/ros2_ws/build/primo-arm-r01/prefix_override:/usr/lib/python3/dist-packages/colcon_core/task/python/colcon_distutils_commands:/home/jeff/ros2_ws/install/primo-arm-r01/lib/python3.10/site-packages:${PYTHONPATH} /usr/bin/python3 -W ignore:setup.py install is deprecated -W ignore:easy_install command is deprecated setup.py develop --editable --build-directory /home/jeff/ros2_ws/build/primo-arm-r01/build --no-deps symlink_data
[3.205s] INFO:colcon.colcon_core.shell:Creating environment descriptor '/home/jeff/ros2_ws/build/primo-arm-r01/share/primo-arm-r01/hook/pythonpath_develop.dsv'
[3.206s] INFO:colcon.colcon_core.shell:Creating environment hook '/home/jeff/ros2_ws/build/primo-arm-r01/share/primo-arm-r01/hook/pythonpath_develop.sh'
[3.214s] Level 1:colcon.colcon_core.environment:checking '/home/jeff/ros2_ws/install/primo-arm-r01' for CMake module files
[3.215s] Level 1:colcon.colcon_core.environment:checking '/home/jeff/ros2_ws/install/primo-arm-r01' for CMake config files
[3.216s] Level 1:colcon.colcon_core.environment:checking '/home/jeff/ros2_ws/install/primo-arm-r01/lib'
[3.216s] Level 1:colcon.colcon_core.environment:checking '/home/jeff/ros2_ws/install/primo-arm-r01/bin'
[3.216s] Level 1:colcon.colcon_core.environment:checking '/home/jeff/ros2_ws/install/primo-arm-r01/lib/pkgconfig/primo-arm-r01.pc'
[3.217s] Level 1:colcon.colcon_core.environment:checking '/home/jeff/ros2_ws/install/primo-arm-r01/lib/python3.10/site-packages'
[3.217s] Level 1:colcon.colcon_core.shell:create_environment_hook('primo-arm-r01', 'pythonpath')
[3.217s] INFO:colcon.colcon_core.shell:Creating environment hook '/home/jeff/ros2_ws/install/primo-arm-r01/share/primo-arm-r01/hook/pythonpath.ps1'
[3.218s] INFO:colcon.colcon_core.shell:Creating environment descriptor '/home/jeff/ros2_ws/install/primo-arm-r01/share/primo-arm-r01/hook/pythonpath.dsv'
[3.219s] INFO:colcon.colcon_core.shell:Creating environment hook '/home/jeff/ros2_ws/install/primo-arm-r01/share/primo-arm-r01/hook/pythonpath.sh'
[3.221s] Level 1:colcon.colcon_core.environment:checking '/home/jeff/ros2_ws/install/primo-arm-r01/bin'
[3.221s] Level 1:colcon.colcon_core.environment:create_environment_scripts_only(primo-arm-r01)
[3.222s] INFO:colcon.colcon_core.shell:Creating package script '/home/jeff/ros2_ws/install/primo-arm-r01/share/primo-arm-r01/package.ps1'
[3.225s] INFO:colcon.colcon_core.shell:Creating package descriptor '/home/jeff/ros2_ws/install/primo-arm-r01/share/primo-arm-r01/package.dsv'
[3.227s] INFO:colcon.colcon_core.shell:Creating package script '/home/jeff/ros2_ws/install/primo-arm-r01/share/primo-arm-r01/package.sh'
[3.229s] INFO:colcon.colcon_core.shell:Creating package script '/home/jeff/ros2_ws/install/primo-arm-r01/share/primo-arm-r01/package.bash'
[3.233s] INFO:colcon.colcon_core.shell:Creating package script '/home/jeff/ros2_ws/install/primo-arm-r01/share/primo-arm-r01/package.zsh'
[3.235s] Level 1:colcon.colcon_core.environment:create_file_with_runtime_dependencies(/home/jeff/ros2_ws/install/primo-arm-r01/share/colcon-core/packages/primo-arm-r01)
[3.251s] Level 1:colcon.colcon_core.shell:create_environment_hook('primo-arm-r00', 'pythonpath_develop')
[3.251s] INFO:colcon.colcon_core.shell:Creating environment hook '/home/jeff/ros2_ws/build/primo-arm-r00/share/primo-arm-r00/hook/pythonpath_develop.ps1'
[3.253s] DEBUG:colcon.colcon_core.event_handler.log_command:Invoked command in '/home/jeff/ros2_ws/build/primo-arm-r00' returned '0': PYTHONPATH=/home/jeff/ros2_ws/build/primo-arm-r00/prefix_override:/usr/lib/python3/dist-packages/colcon_core/task/python/colcon_distutils_commands:/home/jeff/ros2_ws/install/primo-arm-r00/lib/python3.10/site-packages:${PYTHONPATH} /usr/bin/python3 -W ignore:setup.py install is deprecated -W ignore:easy_install command is deprecated setup.py develop --editable --build-directory /home/jeff/ros2_ws/build/primo-arm-r00/build --no-deps symlink_data
[3.254s] INFO:colcon.colcon_core.shell:Creating environment descriptor '/home/jeff/ros2_ws/build/primo-arm-r00/share/primo-arm-r00/hook/pythonpath_develop.dsv'
[3.255s] INFO:colcon.colcon_core.shell:Creating environment hook '/home/jeff/ros2_ws/build/primo-arm-r00/share/primo-arm-r00/hook/pythonpath_develop.sh'
[3.256s] Level 1:colcon.colcon_core.environment:checking '/home/jeff/ros2_ws/install/primo-arm-r00' for CMake module files
[3.257s] Level 1:colcon.colcon_core.environment:checking '/home/jeff/ros2_ws/install/primo-arm-r00' for CMake config files
[3.259s] Level 1:colcon.colcon_core.environment:checking '/home/jeff/ros2_ws/install/primo-arm-r00/lib'
[3.259s] Level 1:colcon.colcon_core.environment:checking '/home/jeff/ros2_ws/install/primo-arm-r00/bin'
[3.259s] Level 1:colcon.colcon_core.environment:checking '/home/jeff/ros2_ws/install/primo-arm-r00/lib/pkgconfig/primo-arm-r00.pc'
[3.260s] Level 1:colcon.colcon_core.environment:checking '/home/jeff/ros2_ws/install/primo-arm-r00/lib/python3.10/site-packages'
[3.260s] Level 1:colcon.colcon_core.shell:create_environment_hook('primo-arm-r00', 'pythonpath')
[3.260s] INFO:colcon.colcon_core.shell:Creating environment hook '/home/jeff/ros2_ws/install/primo-arm-r00/share/primo-arm-r00/hook/pythonpath.ps1'
[3.261s] INFO:colcon.colcon_core.shell:Creating environment descriptor '/home/jeff/ros2_ws/install/primo-arm-r00/share/primo-arm-r00/hook/pythonpath.dsv'
[3.262s] INFO:colcon.colcon_core.shell:Creating environment hook '/home/jeff/ros2_ws/install/primo-arm-r00/share/primo-arm-r00/hook/pythonpath.sh'
[3.264s] Level 1:colcon.colcon_core.environment:checking '/home/jeff/ros2_ws/install/primo-arm-r00/bin'
[3.265s] Level 1:colcon.colcon_core.environment:create_environment_scripts_only(primo-arm-r00)
[3.266s] INFO:colcon.colcon_core.shell:Creating package script '/home/jeff/ros2_ws/install/primo-arm-r00/share/primo-arm-r00/package.ps1'
[3.267s] INFO:colcon.colcon_core.shell:Creating package descriptor '/home/jeff/ros2_ws/install/primo-arm-r00/share/primo-arm-r00/package.dsv'
[3.269s] INFO:colcon.colcon_core.shell:Creating package script '/home/jeff/ros2_ws/install/primo-arm-r00/share/primo-arm-r00/package.sh'
[3.270s] INFO:colcon.colcon_core.shell:Creating package script '/home/jeff/ros2_ws/install/primo-arm-r00/share/primo-arm-r00/package.bash'
[3.271s] INFO:colcon.colcon_core.shell:Creating package script '/home/jeff/ros2_ws/install/primo-arm-r00/share/primo-arm-r00/package.zsh'
[3.272s] Level 1:colcon.colcon_core.environment:create_file_with_runtime_dependencies(/home/jeff/ros2_ws/install/primo-arm-r00/share/colcon-core/packages/primo-arm-r00)
[3.273s] DEBUG:colcon.colcon_parallel_executor.executor.parallel:closing loop
[3.274s] DEBUG:colcon.colcon_parallel_executor.executor.parallel:loop closed
[3.274s] DEBUG:colcon.colcon_parallel_executor.executor.parallel:run_until_complete finished with '0'
[3.274s] DEBUG:colcon.colcon_core.event_reactor:joining thread
[3.285s] INFO:colcon.colcon_core.plugin_system:Skipping extension 'colcon_notification.desktop_notification.terminal_notifier': Not used on non-Darwin systems
[3.285s] INFO:colcon.colcon_core.plugin_system:Skipping extension 'colcon_notification.desktop_notification.win32': Not used on non-Windows systems
[3.285s] INFO:colcon.colcon_notification.desktop_notification:Sending desktop notification using 'notify2'
[3.313s] DEBUG:colcon.colcon_core.event_reactor:joined thread
[3.314s] INFO:colcon.colcon_core.shell:Creating prefix script '/home/jeff/ros2_ws/install/local_setup.ps1'
[3.316s] INFO:colcon.colcon_core.shell:Creating prefix util module '/home/jeff/ros2_ws/install/_local_setup_util_ps1.py'
[3.319s] INFO:colcon.colcon_core.shell:Creating prefix chain script '/home/jeff/ros2_ws/install/setup.ps1'
[3.320s] INFO:colcon.colcon_core.shell:Creating prefix script '/home/jeff/ros2_ws/install/local_setup.sh'
[3.321s] INFO:colcon.colcon_core.shell:Creating prefix util module '/home/jeff/ros2_ws/install/_local_setup_util_sh.py'
[3.322s] INFO:colcon.colcon_core.shell:Creating prefix chain script '/home/jeff/ros2_ws/install/setup.sh'
[3.324s] INFO:colcon.colcon_core.shell:Creating prefix script '/home/jeff/ros2_ws/install/local_setup.bash'
[3.325s] INFO:colcon.colcon_core.shell:Creating prefix chain script '/home/jeff/ros2_ws/install/setup.bash'
[3.326s] INFO:colcon.colcon_core.shell:Creating prefix script '/home/jeff/ros2_ws/install/local_setup.zsh'
[3.327s] INFO:colcon.colcon_core.shell:Creating prefix chain script '/home/jeff/ros2_ws/install/setup.zsh'
