[0.196s] DEBUG:colcon:Command line arguments: ['/usr/bin/colcon', 'build', '--symlink-install']
[0.196s] DEBUG:colcon:Parsed command line arguments: Namespace(log_base=None, log_level=None, verb_name='build', build_base='build', install_base='install', merge_install=False, symlink_install=True, test_result_base=None, continue_on_error=False, executor='parallel', parallel_workers=4, event_handlers=None, ignore_user_meta=False, metas=['./colcon.meta'], base_paths=['.'], packages_ignore=None, packages_ignore_regex=None, paths=None, packages_up_to=None, packages_up_to_regex=None, packages_above=None, packages_above_and_dependencies=None, packages_above_depth=None, packages_select_by_dep=None, packages_skip_by_dep=None, packages_skip_up_to=None, packages_select_build_failed=False, packages_skip_build_finished=False, packages_select_test_failures=False, packages_skip_test_passed=False, packages_select=None, packages_skip=None, packages_select_regex=None, packages_skip_regex=None, packages_start=None, packages_end=None, allow_overriding=[], cmake_args=None, cmake_target=None, cmake_target_skip_unavailable=False, cmake_clean_cache=False, cmake_clean_first=False, cmake_force_configure=False, ament_cmake_args=None, catkin_cmake_args=None, catkin_skip_building_tests=False, verb_parser=<colcon_defaults.argument_parser.defaults.DefaultArgumentsDecorator object at 0x7e852f058d60>, verb_extension=<colcon_core.verb.build.BuildVerb object at 0x7e852f1c5930>, main=<bound method BuildVerb.main of <colcon_core.verb.build.BuildVerb object at 0x7e852f1c5930>>)
[0.492s] Level 1:colcon.colcon_core.package_discovery:discover_packages(colcon_meta) check parameters
[0.492s] Level 1:colcon.colcon_core.package_discovery:discover_packages(recursive) check parameters
[0.492s] Level 1:colcon.colcon_core.package_discovery:discover_packages(ignore) check parameters
[0.492s] Level 1:colcon.colcon_core.package_discovery:discover_packages(path) check parameters
[0.492s] Level 1:colcon.colcon_core.package_discovery:discover_packages(colcon_meta) discover
[0.492s] Level 1:colcon.colcon_core.package_discovery:discover_packages(recursive) discover
[0.492s] INFO:colcon.colcon_core.package_discovery:Crawling recursively for packages in '/home/jeff/ros2_ws'
[0.492s] Level 1:colcon.colcon_core.package_identification:_identify(.) by extensions ['ignore', 'ignore_ament_install']
[0.493s] Level 1:colcon.colcon_core.package_identification:_identify(.) by extension 'ignore'
[0.493s] Level 1:colcon.colcon_core.package_identification:_identify(.) by extension 'ignore_ament_install'
[0.493s] Level 1:colcon.colcon_core.package_identification:_identify(.) by extensions ['colcon_pkg']
[0.493s] Level 1:colcon.colcon_core.package_identification:_identify(.) by extension 'colcon_pkg'
[0.493s] Level 1:colcon.colcon_core.package_identification:_identify(.) by extensions ['colcon_meta']
[0.493s] Level 1:colcon.colcon_core.package_identification:_identify(.) by extension 'colcon_meta'
[0.493s] Level 1:colcon.colcon_core.package_identification:_identify(.) by extensions ['ros']
[0.493s] Level 1:colcon.colcon_core.package_identification:_identify(.) by extension 'ros'
[0.511s] Level 1:colcon.colcon_core.package_identification:_identify(.) by extensions ['cmake', 'python']
[0.511s] Level 1:colcon.colcon_core.package_identification:_identify(.) by extension 'cmake'
[0.512s] Level 1:colcon.colcon_core.package_identification:_identify(.) by extension 'python'
[0.512s] Level 1:colcon.colcon_core.package_identification:_identify(.) by extensions ['python_setup_py']
[0.512s] Level 1:colcon.colcon_core.package_identification:_identify(.) by extension 'python_setup_py'
[0.512s] Level 1:colcon.colcon_core.package_identification:_identify(build) by extensions ['ignore', 'ignore_ament_install']
[0.512s] Level 1:colcon.colcon_core.package_identification:_identify(build) by extension 'ignore'
[0.512s] Level 1:colcon.colcon_core.package_identification:_identify(build) ignored
[0.512s] Level 1:colcon.colcon_core.package_identification:_identify(install) by extensions ['ignore', 'ignore_ament_install']
[0.512s] Level 1:colcon.colcon_core.package_identification:_identify(install) by extension 'ignore'
[0.512s] Level 1:colcon.colcon_core.package_identification:_identify(install) ignored
[0.513s] Level 1:colcon.colcon_core.package_identification:_identify(log) by extensions ['ignore', 'ignore_ament_install']
[0.513s] Level 1:colcon.colcon_core.package_identification:_identify(log) by extension 'ignore'
[0.513s] Level 1:colcon.colcon_core.package_identification:_identify(log) ignored
[0.513s] Level 1:colcon.colcon_core.package_identification:_identify(src) by extensions ['ignore', 'ignore_ament_install']
[0.513s] Level 1:colcon.colcon_core.package_identification:_identify(src) by extension 'ignore'
[0.513s] Level 1:colcon.colcon_core.package_identification:_identify(src) by extension 'ignore_ament_install'
[0.513s] Level 1:colcon.colcon_core.package_identification:_identify(src) by extensions ['colcon_pkg']
[0.513s] Level 1:colcon.colcon_core.package_identification:_identify(src) by extension 'colcon_pkg'
[0.513s] Level 1:colcon.colcon_core.package_identification:_identify(src) by extensions ['colcon_meta']
[0.513s] Level 1:colcon.colcon_core.package_identification:_identify(src) by extension 'colcon_meta'
[0.514s] Level 1:colcon.colcon_core.package_identification:_identify(src) by extensions ['ros']
[0.514s] Level 1:colcon.colcon_core.package_identification:_identify(src) by extension 'ros'
[0.514s] Level 1:colcon.colcon_core.package_identification:_identify(src) by extensions ['cmake', 'python']
[0.514s] Level 1:colcon.colcon_core.package_identification:_identify(src) by extension 'cmake'
[0.514s] Level 1:colcon.colcon_core.package_identification:_identify(src) by extension 'python'
[0.514s] Level 1:colcon.colcon_core.package_identification:_identify(src) by extensions ['python_setup_py']
[0.514s] Level 1:colcon.colcon_core.package_identification:_identify(src) by extension 'python_setup_py'
[0.514s] Level 1:colcon.colcon_core.package_identification:_identify(src/primo-arm-r00) by extensions ['ignore', 'ignore_ament_install']
[0.514s] Level 1:colcon.colcon_core.package_identification:_identify(src/primo-arm-r00) by extension 'ignore'
[0.514s] Level 1:colcon.colcon_core.package_identification:_identify(src/primo-arm-r00) by extension 'ignore_ament_install'
[0.514s] Level 1:colcon.colcon_core.package_identification:_identify(src/primo-arm-r00) by extensions ['colcon_pkg']
[0.514s] Level 1:colcon.colcon_core.package_identification:_identify(src/primo-arm-r00) by extension 'colcon_pkg'
[0.515s] Level 1:colcon.colcon_core.package_identification:_identify(src/primo-arm-r00) by extensions ['colcon_meta']
[0.515s] Level 1:colcon.colcon_core.package_identification:_identify(src/primo-arm-r00) by extension 'colcon_meta'
[0.515s] Level 1:colcon.colcon_core.package_identification:_identify(src/primo-arm-r00) by extensions ['ros']
[0.515s] Level 1:colcon.colcon_core.package_identification:_identify(src/primo-arm-r00) by extension 'ros'
[0.518s] DEBUG:colcon.colcon_core.package_identification:Package 'src/primo-arm-r00' with type 'ros.ament_python' and name 'primo-arm-r00'
[0.519s] Level 1:colcon.colcon_core.package_identification:_identify(src/primo-arm-r01) by extensions ['ignore', 'ignore_ament_install']
[0.519s] Level 1:colcon.colcon_core.package_identification:_identify(src/primo-arm-r01) by extension 'ignore'
[0.519s] Level 1:colcon.colcon_core.package_identification:_identify(src/primo-arm-r01) by extension 'ignore_ament_install'
[0.519s] Level 1:colcon.colcon_core.package_identification:_identify(src/primo-arm-r01) by extensions ['colcon_pkg']
[0.519s] Level 1:colcon.colcon_core.package_identification:_identify(src/primo-arm-r01) by extension 'colcon_pkg'
[0.519s] Level 1:colcon.colcon_core.package_identification:_identify(src/primo-arm-r01) by extensions ['colcon_meta']
[0.519s] Level 1:colcon.colcon_core.package_identification:_identify(src/primo-arm-r01) by extension 'colcon_meta'
[0.519s] Level 1:colcon.colcon_core.package_identification:_identify(src/primo-arm-r01) by extensions ['ros']
[0.519s] Level 1:colcon.colcon_core.package_identification:_identify(src/primo-arm-r01) by extension 'ros'
[0.520s] DEBUG:colcon.colcon_core.package_identification:Package 'src/primo-arm-r01' with type 'ros.ament_python' and name 'primo-arm-r01'
[0.520s] Level 1:colcon.colcon_core.package_identification:_identify(src/primo_dynamixel_driver) by extensions ['ignore', 'ignore_ament_install']
[0.520s] Level 1:colcon.colcon_core.package_identification:_identify(src/primo_dynamixel_driver) by extension 'ignore'
[0.520s] Level 1:colcon.colcon_core.package_identification:_identify(src/primo_dynamixel_driver) by extension 'ignore_ament_install'
[0.521s] Level 1:colcon.colcon_core.package_identification:_identify(src/primo_dynamixel_driver) by extensions ['colcon_pkg']
[0.521s] Level 1:colcon.colcon_core.package_identification:_identify(src/primo_dynamixel_driver) by extension 'colcon_pkg'
[0.521s] Level 1:colcon.colcon_core.package_identification:_identify(src/primo_dynamixel_driver) by extensions ['colcon_meta']
[0.521s] Level 1:colcon.colcon_core.package_identification:_identify(src/primo_dynamixel_driver) by extension 'colcon_meta'
[0.521s] Level 1:colcon.colcon_core.package_identification:_identify(src/primo_dynamixel_driver) by extensions ['ros']
[0.521s] Level 1:colcon.colcon_core.package_identification:_identify(src/primo_dynamixel_driver) by extension 'ros'
[0.522s] DEBUG:colcon.colcon_core.package_identification:Package 'src/primo_dynamixel_driver' with type 'ros.ament_python' and name 'primo_dynamixel_driver'
[0.522s] Level 1:colcon.colcon_core.package_discovery:discover_packages(recursive) using defaults
[0.522s] Level 1:colcon.colcon_core.package_discovery:discover_packages(ignore) discover
[0.522s] Level 1:colcon.colcon_core.package_discovery:discover_packages(ignore) using defaults
[0.522s] Level 1:colcon.colcon_core.package_discovery:discover_packages(path) discover
[0.522s] Level 1:colcon.colcon_core.package_discovery:discover_packages(path) using defaults
[0.562s] Level 1:colcon.colcon_core.package_discovery:discover_packages(prefix_path) check parameters
[0.562s] Level 1:colcon.colcon_core.package_discovery:discover_packages(prefix_path) discover
[0.578s] DEBUG:colcon.colcon_installed_package_information.package_discovery:Found 3 installed packages in /home/jeff/ros2_ws/install
[0.581s] DEBUG:colcon.colcon_installed_package_information.package_discovery:Found 320 installed packages in /opt/ros/humble
[0.584s] Level 1:colcon.colcon_core.package_discovery:discover_packages(prefix_path) using defaults
[0.662s] Level 5:colcon.colcon_core.verb:set package 'primo-arm-r00' build argument 'cmake_args' from command line to 'None'
[0.662s] Level 5:colcon.colcon_core.verb:set package 'primo-arm-r00' build argument 'cmake_target' from command line to 'None'
[0.662s] Level 5:colcon.colcon_core.verb:set package 'primo-arm-r00' build argument 'cmake_target_skip_unavailable' from command line to 'False'
[0.662s] Level 5:colcon.colcon_core.verb:set package 'primo-arm-r00' build argument 'cmake_clean_cache' from command line to 'False'
[0.662s] Level 5:colcon.colcon_core.verb:set package 'primo-arm-r00' build argument 'cmake_clean_first' from command line to 'False'
[0.662s] Level 5:colcon.colcon_core.verb:set package 'primo-arm-r00' build argument 'cmake_force_configure' from command line to 'False'
[0.662s] Level 5:colcon.colcon_core.verb:set package 'primo-arm-r00' build argument 'ament_cmake_args' from command line to 'None'
[0.662s] Level 5:colcon.colcon_core.verb:set package 'primo-arm-r00' build argument 'catkin_cmake_args' from command line to 'None'
[0.662s] Level 5:colcon.colcon_core.verb:set package 'primo-arm-r00' build argument 'catkin_skip_building_tests' from command line to 'False'
[0.662s] DEBUG:colcon.colcon_core.verb:Building package 'primo-arm-r00' with the following arguments: {'ament_cmake_args': None, 'build_base': '/home/jeff/ros2_ws/build/primo-arm-r00', 'catkin_cmake_args': None, 'catkin_skip_building_tests': False, 'cmake_args': None, 'cmake_clean_cache': False, 'cmake_clean_first': False, 'cmake_force_configure': False, 'cmake_target': None, 'cmake_target_skip_unavailable': False, 'install_base': '/home/jeff/ros2_ws/install/primo-arm-r00', 'merge_install': False, 'path': '/home/jeff/ros2_ws/src/primo-arm-r00', 'symlink_install': True, 'test_result_base': None}
[0.663s] Level 5:colcon.colcon_core.verb:set package 'primo-arm-r01' build argument 'cmake_args' from command line to 'None'
[0.663s] Level 5:colcon.colcon_core.verb:set package 'primo-arm-r01' build argument 'cmake_target' from command line to 'None'
[0.663s] Level 5:colcon.colcon_core.verb:set package 'primo-arm-r01' build argument 'cmake_target_skip_unavailable' from command line to 'False'
[0.663s] Level 5:colcon.colcon_core.verb:set package 'primo-arm-r01' build argument 'cmake_clean_cache' from command line to 'False'
[0.663s] Level 5:colcon.colcon_core.verb:set package 'primo-arm-r01' build argument 'cmake_clean_first' from command line to 'False'
[0.663s] Level 5:colcon.colcon_core.verb:set package 'primo-arm-r01' build argument 'cmake_force_configure' from command line to 'False'
[0.663s] Level 5:colcon.colcon_core.verb:set package 'primo-arm-r01' build argument 'ament_cmake_args' from command line to 'None'
[0.663s] Level 5:colcon.colcon_core.verb:set package 'primo-arm-r01' build argument 'catkin_cmake_args' from command line to 'None'
[0.663s] Level 5:colcon.colcon_core.verb:set package 'primo-arm-r01' build argument 'catkin_skip_building_tests' from command line to 'False'
[0.663s] DEBUG:colcon.colcon_core.verb:Building package 'primo-arm-r01' with the following arguments: {'ament_cmake_args': None, 'build_base': '/home/jeff/ros2_ws/build/primo-arm-r01', 'catkin_cmake_args': None, 'catkin_skip_building_tests': False, 'cmake_args': None, 'cmake_clean_cache': False, 'cmake_clean_first': False, 'cmake_force_configure': False, 'cmake_target': None, 'cmake_target_skip_unavailable': False, 'install_base': '/home/jeff/ros2_ws/install/primo-arm-r01', 'merge_install': False, 'path': '/home/jeff/ros2_ws/src/primo-arm-r01', 'symlink_install': True, 'test_result_base': None}
[0.664s] Level 5:colcon.colcon_core.verb:set package 'primo_dynamixel_driver' build argument 'cmake_args' from command line to 'None'
[0.664s] Level 5:colcon.colcon_core.verb:set package 'primo_dynamixel_driver' build argument 'cmake_target' from command line to 'None'
[0.664s] Level 5:colcon.colcon_core.verb:set package 'primo_dynamixel_driver' build argument 'cmake_target_skip_unavailable' from command line to 'False'
[0.664s] Level 5:colcon.colcon_core.verb:set package 'primo_dynamixel_driver' build argument 'cmake_clean_cache' from command line to 'False'
[0.664s] Level 5:colcon.colcon_core.verb:set package 'primo_dynamixel_driver' build argument 'cmake_clean_first' from command line to 'False'
[0.664s] Level 5:colcon.colcon_core.verb:set package 'primo_dynamixel_driver' build argument 'cmake_force_configure' from command line to 'False'
[0.664s] Level 5:colcon.colcon_core.verb:set package 'primo_dynamixel_driver' build argument 'ament_cmake_args' from command line to 'None'
[0.664s] Level 5:colcon.colcon_core.verb:set package 'primo_dynamixel_driver' build argument 'catkin_cmake_args' from command line to 'None'
[0.664s] Level 5:colcon.colcon_core.verb:set package 'primo_dynamixel_driver' build argument 'catkin_skip_building_tests' from command line to 'False'
[0.664s] DEBUG:colcon.colcon_core.verb:Building package 'primo_dynamixel_driver' with the following arguments: {'ament_cmake_args': None, 'build_base': '/home/jeff/ros2_ws/build/primo_dynamixel_driver', 'catkin_cmake_args': None, 'catkin_skip_building_tests': False, 'cmake_args': None, 'cmake_clean_cache': False, 'cmake_clean_first': False, 'cmake_force_configure': False, 'cmake_target': None, 'cmake_target_skip_unavailable': False, 'install_base': '/home/jeff/ros2_ws/install/primo_dynamixel_driver', 'merge_install': False, 'path': '/home/jeff/ros2_ws/src/primo_dynamixel_driver', 'symlink_install': True, 'test_result_base': None}
[0.664s] INFO:colcon.colcon_core.executor:Executing jobs using 'parallel' executor
[0.666s] DEBUG:colcon.colcon_parallel_executor.executor.parallel:run_until_complete
[0.666s] INFO:colcon.colcon_ros.task.ament_python.build:Building ROS package in '/home/jeff/ros2_ws/src/primo-arm-r00' with build type 'ament_python'
[0.666s] Level 1:colcon.colcon_core.shell:create_environment_hook('primo-arm-r00', 'ament_prefix_path')
[0.670s] INFO:colcon.colcon_core.plugin_system:Skipping extension 'colcon_core.shell.bat': Not used on non-Windows systems
[0.671s] INFO:colcon.colcon_core.shell:Creating environment hook '/home/jeff/ros2_ws/install/primo-arm-r00/share/primo-arm-r00/hook/ament_prefix_path.ps1'
[0.672s] INFO:colcon.colcon_core.shell:Creating environment descriptor '/home/jeff/ros2_ws/install/primo-arm-r00/share/primo-arm-r00/hook/ament_prefix_path.dsv'
[0.672s] INFO:colcon.colcon_core.shell:Creating environment hook '/home/jeff/ros2_ws/install/primo-arm-r00/share/primo-arm-r00/hook/ament_prefix_path.sh'
[0.674s] INFO:colcon.colcon_core.shell:Skip shell extension 'powershell' for command environment: Not usable outside of PowerShell
[0.674s] DEBUG:colcon.colcon_core.shell:Skip shell extension 'dsv' for command environment
[0.679s] INFO:colcon.colcon_ros.task.ament_python.build:Building ROS package in '/home/jeff/ros2_ws/src/primo-arm-r01' with build type 'ament_python'
[0.680s] Level 1:colcon.colcon_core.shell:create_environment_hook('primo-arm-r01', 'ament_prefix_path')
[0.680s] INFO:colcon.colcon_core.shell:Creating environment hook '/home/jeff/ros2_ws/install/primo-arm-r01/share/primo-arm-r01/hook/ament_prefix_path.ps1'
[0.682s] INFO:colcon.colcon_core.shell:Creating environment descriptor '/home/jeff/ros2_ws/install/primo-arm-r01/share/primo-arm-r01/hook/ament_prefix_path.dsv'
[0.683s] INFO:colcon.colcon_core.shell:Creating environment hook '/home/jeff/ros2_ws/install/primo-arm-r01/share/primo-arm-r01/hook/ament_prefix_path.sh'
[0.684s] INFO:colcon.colcon_core.shell:Skip shell extension 'powershell' for command environment: Not usable outside of PowerShell
[0.684s] DEBUG:colcon.colcon_core.shell:Skip shell extension 'dsv' for command environment
[0.690s] INFO:colcon.colcon_ros.task.ament_python.build:Building ROS package in '/home/jeff/ros2_ws/src/primo_dynamixel_driver' with build type 'ament_python'
[0.691s] Level 1:colcon.colcon_core.shell:create_environment_hook('primo_dynamixel_driver', 'ament_prefix_path')
[0.692s] INFO:colcon.colcon_core.shell:Creating environment hook '/home/jeff/ros2_ws/install/primo_dynamixel_driver/share/primo_dynamixel_driver/hook/ament_prefix_path.ps1'
[0.693s] INFO:colcon.colcon_core.shell:Creating environment descriptor '/home/jeff/ros2_ws/install/primo_dynamixel_driver/share/primo_dynamixel_driver/hook/ament_prefix_path.dsv'
[0.694s] INFO:colcon.colcon_core.shell:Creating environment hook '/home/jeff/ros2_ws/install/primo_dynamixel_driver/share/primo_dynamixel_driver/hook/ament_prefix_path.sh'
[0.695s] INFO:colcon.colcon_core.shell:Skip shell extension 'powershell' for command environment: Not usable outside of PowerShell
[0.696s] DEBUG:colcon.colcon_core.shell:Skip shell extension 'dsv' for command environment
[1.172s] INFO:colcon.colcon_core.task.python.build:Building Python package in '/home/jeff/ros2_ws/src/primo-arm-r00'
[1.173s] INFO:colcon.colcon_core.shell:Skip shell extension 'powershell' for command environment: Not usable outside of PowerShell
[1.173s] DEBUG:colcon.colcon_core.shell:Skip shell extension 'dsv' for command environment
[1.644s] WARNING:colcon.colcon_ros.task.ament_python.build:Package 'primo-arm-r01' doesn't explicitly install a marker in the package index (colcon-ros currently does it implicitly but that fallback will be removed in the future)
[1.644s] INFO:colcon.colcon_core.task.python.build:Building Python package in '/home/jeff/ros2_ws/src/primo-arm-r01'
[1.645s] INFO:colcon.colcon_core.shell:Skip shell extension 'powershell' for command environment: Not usable outside of PowerShell
[1.645s] DEBUG:colcon.colcon_core.shell:Skip shell extension 'dsv' for command environment
[2.136s] WARNING:colcon.colcon_ros.task.ament_python.build:Package 'primo_dynamixel_driver' doesn't explicitly install a marker in the package index (colcon-ros currently does it implicitly but that fallback will be removed in the future)
[2.136s] INFO:colcon.colcon_core.task.python.build:Building Python package in '/home/jeff/ros2_ws/src/primo_dynamixel_driver'
[2.137s] INFO:colcon.colcon_core.shell:Skip shell extension 'powershell' for command environment: Not usable outside of PowerShell
[2.137s] DEBUG:colcon.colcon_core.shell:Skip shell extension 'dsv' for command environment
[2.987s] DEBUG:colcon.colcon_core.event_handler.log_command:Invoking command in '/home/jeff/ros2_ws/build/primo-arm-r01': PYTHONPATH=/home/jeff/ros2_ws/build/primo-arm-r01/prefix_override:/usr/lib/python3/dist-packages/colcon_core/task/python/colcon_distutils_commands:/home/jeff/ros2_ws/install/primo-arm-r01/lib/python3.10/site-packages:${PYTHONPATH} /usr/bin/python3 -W ignore:setup.py install is deprecated -W ignore:easy_install command is deprecated setup.py develop --editable --build-directory /home/jeff/ros2_ws/build/primo-arm-r01/build --no-deps symlink_data
[3.066s] DEBUG:colcon.colcon_core.event_handler.log_command:Invoking command in '/home/jeff/ros2_ws/build/primo-arm-r00': PYTHONPATH=/home/jeff/ros2_ws/build/primo-arm-r00/prefix_override:/usr/lib/python3/dist-packages/colcon_core/task/python/colcon_distutils_commands:/home/jeff/ros2_ws/install/primo-arm-r00/lib/python3.10/site-packages:${PYTHONPATH} /usr/bin/python3 -W ignore:setup.py install is deprecated -W ignore:easy_install command is deprecated setup.py develop --editable --build-directory /home/jeff/ros2_ws/build/primo-arm-r00/build --no-deps symlink_data
[3.279s] DEBUG:colcon.colcon_core.event_handler.log_command:Invoking command in '/home/jeff/ros2_ws/build/primo_dynamixel_driver': PYTHONPATH=/home/jeff/ros2_ws/build/primo_dynamixel_driver/prefix_override:/usr/lib/python3/dist-packages/colcon_core/task/python/colcon_distutils_commands:/home/jeff/ros2_ws/install/primo_dynamixel_driver/lib/python3.10/site-packages:${PYTHONPATH} /usr/bin/python3 -W ignore:setup.py install is deprecated -W ignore:easy_install command is deprecated setup.py develop --editable --build-directory /home/jeff/ros2_ws/build/primo_dynamixel_driver/build --no-deps symlink_data
[4.171s] Level 1:colcon.colcon_core.shell:create_environment_hook('primo-arm-r01', 'pythonpath_develop')
[4.172s] INFO:colcon.colcon_core.shell:Creating environment hook '/home/jeff/ros2_ws/build/primo-arm-r01/share/primo-arm-r01/hook/pythonpath_develop.ps1'
[4.173s] DEBUG:colcon.colcon_core.event_handler.log_command:Invoked command in '/home/jeff/ros2_ws/build/primo-arm-r01' returned '0': PYTHONPATH=/home/jeff/ros2_ws/build/primo-arm-r01/prefix_override:/usr/lib/python3/dist-packages/colcon_core/task/python/colcon_distutils_commands:/home/jeff/ros2_ws/install/primo-arm-r01/lib/python3.10/site-packages:${PYTHONPATH} /usr/bin/python3 -W ignore:setup.py install is deprecated -W ignore:easy_install command is deprecated setup.py develop --editable --build-directory /home/jeff/ros2_ws/build/primo-arm-r01/build --no-deps symlink_data
[4.174s] INFO:colcon.colcon_core.shell:Creating environment descriptor '/home/jeff/ros2_ws/build/primo-arm-r01/share/primo-arm-r01/hook/pythonpath_develop.dsv'
[4.175s] INFO:colcon.colcon_core.shell:Creating environment hook '/home/jeff/ros2_ws/build/primo-arm-r01/share/primo-arm-r01/hook/pythonpath_develop.sh'
[4.179s] Level 1:colcon.colcon_core.environment:checking '/home/jeff/ros2_ws/install/primo-arm-r01' for CMake module files
[4.180s] Level 1:colcon.colcon_core.environment:checking '/home/jeff/ros2_ws/install/primo-arm-r01' for CMake config files
[4.181s] Level 1:colcon.colcon_core.environment:checking '/home/jeff/ros2_ws/install/primo-arm-r01/lib'
[4.181s] Level 1:colcon.colcon_core.environment:checking '/home/jeff/ros2_ws/install/primo-arm-r01/bin'
[4.181s] Level 1:colcon.colcon_core.environment:checking '/home/jeff/ros2_ws/install/primo-arm-r01/lib/pkgconfig/primo-arm-r01.pc'
[4.181s] Level 1:colcon.colcon_core.environment:checking '/home/jeff/ros2_ws/install/primo-arm-r01/lib/python3.10/site-packages'
[4.181s] Level 1:colcon.colcon_core.shell:create_environment_hook('primo-arm-r01', 'pythonpath')
[4.182s] INFO:colcon.colcon_core.shell:Creating environment hook '/home/jeff/ros2_ws/install/primo-arm-r01/share/primo-arm-r01/hook/pythonpath.ps1'
[4.183s] INFO:colcon.colcon_core.shell:Creating environment descriptor '/home/jeff/ros2_ws/install/primo-arm-r01/share/primo-arm-r01/hook/pythonpath.dsv'
[4.184s] INFO:colcon.colcon_core.shell:Creating environment hook '/home/jeff/ros2_ws/install/primo-arm-r01/share/primo-arm-r01/hook/pythonpath.sh'
[4.185s] Level 1:colcon.colcon_core.environment:checking '/home/jeff/ros2_ws/install/primo-arm-r01/bin'
[4.185s] Level 1:colcon.colcon_core.environment:create_environment_scripts_only(primo-arm-r01)
[4.186s] INFO:colcon.colcon_core.shell:Creating package script '/home/jeff/ros2_ws/install/primo-arm-r01/share/primo-arm-r01/package.ps1'
[4.187s] INFO:colcon.colcon_core.shell:Creating package descriptor '/home/jeff/ros2_ws/install/primo-arm-r01/share/primo-arm-r01/package.dsv'
[4.189s] INFO:colcon.colcon_core.shell:Creating package script '/home/jeff/ros2_ws/install/primo-arm-r01/share/primo-arm-r01/package.sh'
[4.192s] INFO:colcon.colcon_core.shell:Creating package script '/home/jeff/ros2_ws/install/primo-arm-r01/share/primo-arm-r01/package.bash'
[4.194s] INFO:colcon.colcon_core.shell:Creating package script '/home/jeff/ros2_ws/install/primo-arm-r01/share/primo-arm-r01/package.zsh'
[4.197s] Level 1:colcon.colcon_core.environment:create_file_with_runtime_dependencies(/home/jeff/ros2_ws/install/primo-arm-r01/share/colcon-core/packages/primo-arm-r01)
[4.358s] Level 1:colcon.colcon_core.shell:create_environment_hook('primo-arm-r00', 'pythonpath_develop')
[4.359s] INFO:colcon.colcon_core.shell:Creating environment hook '/home/jeff/ros2_ws/build/primo-arm-r00/share/primo-arm-r00/hook/pythonpath_develop.ps1'
[4.360s] DEBUG:colcon.colcon_core.event_handler.log_command:Invoked command in '/home/jeff/ros2_ws/build/primo-arm-r00' returned '0': PYTHONPATH=/home/jeff/ros2_ws/build/primo-arm-r00/prefix_override:/usr/lib/python3/dist-packages/colcon_core/task/python/colcon_distutils_commands:/home/jeff/ros2_ws/install/primo-arm-r00/lib/python3.10/site-packages:${PYTHONPATH} /usr/bin/python3 -W ignore:setup.py install is deprecated -W ignore:easy_install command is deprecated setup.py develop --editable --build-directory /home/jeff/ros2_ws/build/primo-arm-r00/build --no-deps symlink_data
[4.361s] INFO:colcon.colcon_core.shell:Creating environment descriptor '/home/jeff/ros2_ws/build/primo-arm-r00/share/primo-arm-r00/hook/pythonpath_develop.dsv'
[4.362s] INFO:colcon.colcon_core.shell:Creating environment hook '/home/jeff/ros2_ws/build/primo-arm-r00/share/primo-arm-r00/hook/pythonpath_develop.sh'
[4.364s] Level 1:colcon.colcon_core.environment:checking '/home/jeff/ros2_ws/install/primo-arm-r00' for CMake module files
[4.365s] Level 1:colcon.colcon_core.environment:checking '/home/jeff/ros2_ws/install/primo-arm-r00' for CMake config files
[4.366s] Level 1:colcon.colcon_core.environment:checking '/home/jeff/ros2_ws/install/primo-arm-r00/lib'
[4.366s] Level 1:colcon.colcon_core.environment:checking '/home/jeff/ros2_ws/install/primo-arm-r00/bin'
[4.366s] Level 1:colcon.colcon_core.environment:checking '/home/jeff/ros2_ws/install/primo-arm-r00/lib/pkgconfig/primo-arm-r00.pc'
[4.366s] Level 1:colcon.colcon_core.environment:checking '/home/jeff/ros2_ws/install/primo-arm-r00/lib/python3.10/site-packages'
[4.366s] Level 1:colcon.colcon_core.shell:create_environment_hook('primo-arm-r00', 'pythonpath')
[4.367s] INFO:colcon.colcon_core.shell:Creating environment hook '/home/jeff/ros2_ws/install/primo-arm-r00/share/primo-arm-r00/hook/pythonpath.ps1'
[4.367s] INFO:colcon.colcon_core.shell:Creating environment descriptor '/home/jeff/ros2_ws/install/primo-arm-r00/share/primo-arm-r00/hook/pythonpath.dsv'
[4.368s] INFO:colcon.colcon_core.shell:Creating environment hook '/home/jeff/ros2_ws/install/primo-arm-r00/share/primo-arm-r00/hook/pythonpath.sh'
[4.370s] Level 1:colcon.colcon_core.environment:checking '/home/jeff/ros2_ws/install/primo-arm-r00/bin'
[4.370s] Level 1:colcon.colcon_core.environment:create_environment_scripts_only(primo-arm-r00)
[4.370s] INFO:colcon.colcon_core.shell:Creating package script '/home/jeff/ros2_ws/install/primo-arm-r00/share/primo-arm-r00/package.ps1'
[4.371s] INFO:colcon.colcon_core.shell:Creating package descriptor '/home/jeff/ros2_ws/install/primo-arm-r00/share/primo-arm-r00/package.dsv'
[4.372s] INFO:colcon.colcon_core.shell:Creating package script '/home/jeff/ros2_ws/install/primo-arm-r00/share/primo-arm-r00/package.sh'
[4.373s] INFO:colcon.colcon_core.shell:Creating package script '/home/jeff/ros2_ws/install/primo-arm-r00/share/primo-arm-r00/package.bash'
[4.373s] INFO:colcon.colcon_core.shell:Creating package script '/home/jeff/ros2_ws/install/primo-arm-r00/share/primo-arm-r00/package.zsh'
[4.374s] Level 1:colcon.colcon_core.environment:create_file_with_runtime_dependencies(/home/jeff/ros2_ws/install/primo-arm-r00/share/colcon-core/packages/primo-arm-r00)
[4.497s] Level 1:colcon.colcon_core.shell:create_environment_hook('primo_dynamixel_driver', 'pythonpath_develop')
[4.497s] INFO:colcon.colcon_core.shell:Creating environment hook '/home/jeff/ros2_ws/build/primo_dynamixel_driver/share/primo_dynamixel_driver/hook/pythonpath_develop.ps1'
[4.498s] DEBUG:colcon.colcon_core.event_handler.log_command:Invoked command in '/home/jeff/ros2_ws/build/primo_dynamixel_driver' returned '0': PYTHONPATH=/home/jeff/ros2_ws/build/primo_dynamixel_driver/prefix_override:/usr/lib/python3/dist-packages/colcon_core/task/python/colcon_distutils_commands:/home/jeff/ros2_ws/install/primo_dynamixel_driver/lib/python3.10/site-packages:${PYTHONPATH} /usr/bin/python3 -W ignore:setup.py install is deprecated -W ignore:easy_install command is deprecated setup.py develop --editable --build-directory /home/jeff/ros2_ws/build/primo_dynamixel_driver/build --no-deps symlink_data
[4.499s] INFO:colcon.colcon_core.shell:Creating environment descriptor '/home/jeff/ros2_ws/build/primo_dynamixel_driver/share/primo_dynamixel_driver/hook/pythonpath_develop.dsv'
[4.499s] INFO:colcon.colcon_core.shell:Creating environment hook '/home/jeff/ros2_ws/build/primo_dynamixel_driver/share/primo_dynamixel_driver/hook/pythonpath_develop.sh'
[4.500s] Level 1:colcon.colcon_core.environment:checking '/home/jeff/ros2_ws/install/primo_dynamixel_driver' for CMake module files
[4.501s] Level 1:colcon.colcon_core.environment:checking '/home/jeff/ros2_ws/install/primo_dynamixel_driver' for CMake config files
[4.502s] Level 1:colcon.colcon_core.environment:checking '/home/jeff/ros2_ws/install/primo_dynamixel_driver/lib'
[4.502s] Level 1:colcon.colcon_core.environment:checking '/home/jeff/ros2_ws/install/primo_dynamixel_driver/bin'
[4.502s] Level 1:colcon.colcon_core.environment:checking '/home/jeff/ros2_ws/install/primo_dynamixel_driver/lib/pkgconfig/primo_dynamixel_driver.pc'
[4.503s] Level 1:colcon.colcon_core.environment:checking '/home/jeff/ros2_ws/install/primo_dynamixel_driver/lib/python3.10/site-packages'
[4.503s] Level 1:colcon.colcon_core.shell:create_environment_hook('primo_dynamixel_driver', 'pythonpath')
[4.503s] INFO:colcon.colcon_core.shell:Creating environment hook '/home/jeff/ros2_ws/install/primo_dynamixel_driver/share/primo_dynamixel_driver/hook/pythonpath.ps1'
[4.504s] INFO:colcon.colcon_core.shell:Creating environment descriptor '/home/jeff/ros2_ws/install/primo_dynamixel_driver/share/primo_dynamixel_driver/hook/pythonpath.dsv'
[4.505s] INFO:colcon.colcon_core.shell:Creating environment hook '/home/jeff/ros2_ws/install/primo_dynamixel_driver/share/primo_dynamixel_driver/hook/pythonpath.sh'
[4.506s] Level 1:colcon.colcon_core.environment:checking '/home/jeff/ros2_ws/install/primo_dynamixel_driver/bin'
[4.506s] Level 1:colcon.colcon_core.environment:create_environment_scripts_only(primo_dynamixel_driver)
[4.507s] INFO:colcon.colcon_core.shell:Creating package script '/home/jeff/ros2_ws/install/primo_dynamixel_driver/share/primo_dynamixel_driver/package.ps1'
[4.508s] INFO:colcon.colcon_core.shell:Creating package descriptor '/home/jeff/ros2_ws/install/primo_dynamixel_driver/share/primo_dynamixel_driver/package.dsv'
[4.509s] INFO:colcon.colcon_core.shell:Creating package script '/home/jeff/ros2_ws/install/primo_dynamixel_driver/share/primo_dynamixel_driver/package.sh'
[4.510s] INFO:colcon.colcon_core.shell:Creating package script '/home/jeff/ros2_ws/install/primo_dynamixel_driver/share/primo_dynamixel_driver/package.bash'
[4.511s] INFO:colcon.colcon_core.shell:Creating package script '/home/jeff/ros2_ws/install/primo_dynamixel_driver/share/primo_dynamixel_driver/package.zsh'
[4.511s] Level 1:colcon.colcon_core.environment:create_file_with_runtime_dependencies(/home/jeff/ros2_ws/install/primo_dynamixel_driver/share/colcon-core/packages/primo_dynamixel_driver)
[4.512s] DEBUG:colcon.colcon_parallel_executor.executor.parallel:closing loop
[4.512s] DEBUG:colcon.colcon_parallel_executor.executor.parallel:loop closed
[4.512s] DEBUG:colcon.colcon_parallel_executor.executor.parallel:run_until_complete finished with '0'
[4.513s] DEBUG:colcon.colcon_core.event_reactor:joining thread
[4.522s] INFO:colcon.colcon_core.plugin_system:Skipping extension 'colcon_notification.desktop_notification.terminal_notifier': Not used on non-Darwin systems
[4.522s] INFO:colcon.colcon_core.plugin_system:Skipping extension 'colcon_notification.desktop_notification.win32': Not used on non-Windows systems
[4.523s] INFO:colcon.colcon_notification.desktop_notification:Sending desktop notification using 'notify2'
[4.543s] DEBUG:colcon.colcon_core.event_reactor:joined thread
[4.544s] INFO:colcon.colcon_core.shell:Creating prefix script '/home/jeff/ros2_ws/install/local_setup.ps1'
[4.546s] INFO:colcon.colcon_core.shell:Creating prefix util module '/home/jeff/ros2_ws/install/_local_setup_util_ps1.py'
[4.549s] INFO:colcon.colcon_core.shell:Creating prefix chain script '/home/jeff/ros2_ws/install/setup.ps1'
[4.551s] INFO:colcon.colcon_core.shell:Creating prefix script '/home/jeff/ros2_ws/install/local_setup.sh'
[4.553s] INFO:colcon.colcon_core.shell:Creating prefix util module '/home/jeff/ros2_ws/install/_local_setup_util_sh.py'
[4.554s] INFO:colcon.colcon_core.shell:Creating prefix chain script '/home/jeff/ros2_ws/install/setup.sh'
[4.557s] INFO:colcon.colcon_core.shell:Creating prefix script '/home/jeff/ros2_ws/install/local_setup.bash'
[4.558s] INFO:colcon.colcon_core.shell:Creating prefix chain script '/home/jeff/ros2_ws/install/setup.bash'
[4.560s] INFO:colcon.colcon_core.shell:Creating prefix script '/home/jeff/ros2_ws/install/local_setup.zsh'
[4.561s] INFO:colcon.colcon_core.shell:Creating prefix chain script '/home/jeff/ros2_ws/install/setup.zsh'
