[0.185s] DEBUG:colcon:Command line arguments: ['/usr/bin/colcon', 'build']
[0.186s] DEBUG:colcon:Parsed command line arguments: Namespace(log_base=None, log_level=None, verb_name='build', build_base='build', install_base='install', merge_install=False, symlink_install=False, test_result_base=None, continue_on_error=False, executor='parallel', parallel_workers=4, event_handlers=None, ignore_user_meta=False, metas=['./colcon.meta'], base_paths=['.'], packages_ignore=None, packages_ignore_regex=None, paths=None, packages_up_to=None, packages_up_to_regex=None, packages_above=None, packages_above_and_dependencies=None, packages_above_depth=None, packages_select_by_dep=None, packages_skip_by_dep=None, packages_skip_up_to=None, packages_select_build_failed=False, packages_skip_build_finished=False, packages_select_test_failures=False, packages_skip_test_passed=False, packages_select=None, packages_skip=None, packages_select_regex=None, packages_skip_regex=None, packages_start=None, packages_end=None, allow_overriding=[], cmake_args=None, cmake_target=None, cmake_target_skip_unavailable=False, cmake_clean_cache=False, cmake_clean_first=False, cmake_force_configure=False, ament_cmake_args=None, catkin_cmake_args=None, catkin_skip_building_tests=False, verb_parser=<colcon_defaults.argument_parser.defaults.DefaultArgumentsDecorator object at 0x7ba3eb933700>, verb_extension=<colcon_core.verb.build.BuildVerb object at 0x7ba3ebadc310>, main=<bound method BuildVerb.main of <colcon_core.verb.build.BuildVerb object at 0x7ba3ebadc310>>)
[0.467s] Level 1:colcon.colcon_core.package_discovery:discover_packages(colcon_meta) check parameters
[0.467s] Level 1:colcon.colcon_core.package_discovery:discover_packages(recursive) check parameters
[0.468s] Level 1:colcon.colcon_core.package_discovery:discover_packages(ignore) check parameters
[0.468s] Level 1:colcon.colcon_core.package_discovery:discover_packages(path) check parameters
[0.468s] Level 1:colcon.colcon_core.package_discovery:discover_packages(colcon_meta) discover
[0.468s] Level 1:colcon.colcon_core.package_discovery:discover_packages(recursive) discover
[0.468s] INFO:colcon.colcon_core.package_discovery:Crawling recursively for packages in '/home/jeff/ros2_ws'
[0.468s] Level 1:colcon.colcon_core.package_identification:_identify(.) by extensions ['ignore', 'ignore_ament_install']
[0.469s] Level 1:colcon.colcon_core.package_identification:_identify(.) by extension 'ignore'
[0.469s] Level 1:colcon.colcon_core.package_identification:_identify(.) by extension 'ignore_ament_install'
[0.469s] Level 1:colcon.colcon_core.package_identification:_identify(.) by extensions ['colcon_pkg']
[0.469s] Level 1:colcon.colcon_core.package_identification:_identify(.) by extension 'colcon_pkg'
[0.469s] Level 1:colcon.colcon_core.package_identification:_identify(.) by extensions ['colcon_meta']
[0.469s] Level 1:colcon.colcon_core.package_identification:_identify(.) by extension 'colcon_meta'
[0.469s] Level 1:colcon.colcon_core.package_identification:_identify(.) by extensions ['ros']
[0.469s] Level 1:colcon.colcon_core.package_identification:_identify(.) by extension 'ros'
[0.488s] Level 1:colcon.colcon_core.package_identification:_identify(.) by extensions ['cmake', 'python']
[0.488s] Level 1:colcon.colcon_core.package_identification:_identify(.) by extension 'cmake'
[0.488s] Level 1:colcon.colcon_core.package_identification:_identify(.) by extension 'python'
[0.489s] Level 1:colcon.colcon_core.package_identification:_identify(.) by extensions ['python_setup_py']
[0.489s] Level 1:colcon.colcon_core.package_identification:_identify(.) by extension 'python_setup_py'
[0.489s] Level 1:colcon.colcon_core.package_identification:_identify(build) by extensions ['ignore', 'ignore_ament_install']
[0.489s] Level 1:colcon.colcon_core.package_identification:_identify(build) by extension 'ignore'
[0.489s] Level 1:colcon.colcon_core.package_identification:_identify(build) ignored
[0.489s] Level 1:colcon.colcon_core.package_identification:_identify(install) by extensions ['ignore', 'ignore_ament_install']
[0.489s] Level 1:colcon.colcon_core.package_identification:_identify(install) by extension 'ignore'
[0.490s] Level 1:colcon.colcon_core.package_identification:_identify(install) ignored
[0.490s] Level 1:colcon.colcon_core.package_identification:_identify(log) by extensions ['ignore', 'ignore_ament_install']
[0.490s] Level 1:colcon.colcon_core.package_identification:_identify(log) by extension 'ignore'
[0.490s] Level 1:colcon.colcon_core.package_identification:_identify(log) ignored
[0.490s] Level 1:colcon.colcon_core.package_identification:_identify(src) by extensions ['ignore', 'ignore_ament_install']
[0.490s] Level 1:colcon.colcon_core.package_identification:_identify(src) by extension 'ignore'
[0.490s] Level 1:colcon.colcon_core.package_identification:_identify(src) by extension 'ignore_ament_install'
[0.491s] Level 1:colcon.colcon_core.package_identification:_identify(src) by extensions ['colcon_pkg']
[0.491s] Level 1:colcon.colcon_core.package_identification:_identify(src) by extension 'colcon_pkg'
[0.491s] Level 1:colcon.colcon_core.package_identification:_identify(src) by extensions ['colcon_meta']
[0.491s] Level 1:colcon.colcon_core.package_identification:_identify(src) by extension 'colcon_meta'
[0.491s] Level 1:colcon.colcon_core.package_identification:_identify(src) by extensions ['ros']
[0.491s] Level 1:colcon.colcon_core.package_identification:_identify(src) by extension 'ros'
[0.491s] Level 1:colcon.colcon_core.package_identification:_identify(src) by extensions ['cmake', 'python']
[0.491s] Level 1:colcon.colcon_core.package_identification:_identify(src) by extension 'cmake'
[0.491s] Level 1:colcon.colcon_core.package_identification:_identify(src) by extension 'python'
[0.491s] Level 1:colcon.colcon_core.package_identification:_identify(src) by extensions ['python_setup_py']
[0.491s] Level 1:colcon.colcon_core.package_identification:_identify(src) by extension 'python_setup_py'
[0.491s] Level 1:colcon.colcon_core.package_identification:_identify(src/primo-arm-r00) by extensions ['ignore', 'ignore_ament_install']
[0.491s] Level 1:colcon.colcon_core.package_identification:_identify(src/primo-arm-r00) by extension 'ignore'
[0.491s] Level 1:colcon.colcon_core.package_identification:_identify(src/primo-arm-r00) by extension 'ignore_ament_install'
[0.492s] Level 1:colcon.colcon_core.package_identification:_identify(src/primo-arm-r00) by extensions ['colcon_pkg']
[0.492s] Level 1:colcon.colcon_core.package_identification:_identify(src/primo-arm-r00) by extension 'colcon_pkg'
[0.492s] Level 1:colcon.colcon_core.package_identification:_identify(src/primo-arm-r00) by extensions ['colcon_meta']
[0.492s] Level 1:colcon.colcon_core.package_identification:_identify(src/primo-arm-r00) by extension 'colcon_meta'
[0.492s] Level 1:colcon.colcon_core.package_identification:_identify(src/primo-arm-r00) by extensions ['ros']
[0.492s] Level 1:colcon.colcon_core.package_identification:_identify(src/primo-arm-r00) by extension 'ros'
[0.495s] DEBUG:colcon.colcon_core.package_identification:Package 'src/primo-arm-r00' with type 'ros.ament_python' and name 'primo-arm-r00'
[0.495s] Level 1:colcon.colcon_core.package_discovery:discover_packages(recursive) using defaults
[0.495s] Level 1:colcon.colcon_core.package_discovery:discover_packages(ignore) discover
[0.496s] Level 1:colcon.colcon_core.package_discovery:discover_packages(ignore) using defaults
[0.496s] Level 1:colcon.colcon_core.package_discovery:discover_packages(path) discover
[0.496s] Level 1:colcon.colcon_core.package_discovery:discover_packages(path) using defaults
[0.530s] Level 1:colcon.colcon_core.package_discovery:discover_packages(prefix_path) check parameters
[0.530s] Level 1:colcon.colcon_core.package_discovery:discover_packages(prefix_path) discover
[0.535s] DEBUG:colcon.colcon_installed_package_information.package_discovery:Found 320 installed packages in /opt/ros/humble
[0.552s] Level 1:colcon.colcon_core.package_discovery:discover_packages(prefix_path) using defaults
[0.629s] Level 5:colcon.colcon_core.verb:set package 'primo-arm-r00' build argument 'cmake_args' from command line to 'None'
[0.629s] Level 5:colcon.colcon_core.verb:set package 'primo-arm-r00' build argument 'cmake_target' from command line to 'None'
[0.629s] Level 5:colcon.colcon_core.verb:set package 'primo-arm-r00' build argument 'cmake_target_skip_unavailable' from command line to 'False'
[0.629s] Level 5:colcon.colcon_core.verb:set package 'primo-arm-r00' build argument 'cmake_clean_cache' from command line to 'False'
[0.629s] Level 5:colcon.colcon_core.verb:set package 'primo-arm-r00' build argument 'cmake_clean_first' from command line to 'False'
[0.629s] Level 5:colcon.colcon_core.verb:set package 'primo-arm-r00' build argument 'cmake_force_configure' from command line to 'False'
[0.629s] Level 5:colcon.colcon_core.verb:set package 'primo-arm-r00' build argument 'ament_cmake_args' from command line to 'None'
[0.629s] Level 5:colcon.colcon_core.verb:set package 'primo-arm-r00' build argument 'catkin_cmake_args' from command line to 'None'
[0.629s] Level 5:colcon.colcon_core.verb:set package 'primo-arm-r00' build argument 'catkin_skip_building_tests' from command line to 'False'
[0.629s] DEBUG:colcon.colcon_core.verb:Building package 'primo-arm-r00' with the following arguments: {'ament_cmake_args': None, 'build_base': '/home/jeff/ros2_ws/build/primo-arm-r00', 'catkin_cmake_args': None, 'catkin_skip_building_tests': False, 'cmake_args': None, 'cmake_clean_cache': False, 'cmake_clean_first': False, 'cmake_force_configure': False, 'cmake_target': None, 'cmake_target_skip_unavailable': False, 'install_base': '/home/jeff/ros2_ws/install/primo-arm-r00', 'merge_install': False, 'path': '/home/jeff/ros2_ws/src/primo-arm-r00', 'symlink_install': False, 'test_result_base': None}
[0.630s] INFO:colcon.colcon_core.executor:Executing jobs using 'parallel' executor
[0.632s] DEBUG:colcon.colcon_parallel_executor.executor.parallel:run_until_complete
[0.632s] INFO:colcon.colcon_ros.task.ament_python.build:Building ROS package in '/home/jeff/ros2_ws/src/primo-arm-r00' with build type 'ament_python'
[0.632s] Level 1:colcon.colcon_core.shell:create_environment_hook('primo-arm-r00', 'ament_prefix_path')
[0.637s] INFO:colcon.colcon_core.plugin_system:Skipping extension 'colcon_core.shell.bat': Not used on non-Windows systems
[0.637s] INFO:colcon.colcon_core.shell:Creating environment hook '/home/jeff/ros2_ws/install/primo-arm-r00/share/primo-arm-r00/hook/ament_prefix_path.ps1'
[0.638s] INFO:colcon.colcon_core.shell:Creating environment descriptor '/home/jeff/ros2_ws/install/primo-arm-r00/share/primo-arm-r00/hook/ament_prefix_path.dsv'
[0.639s] INFO:colcon.colcon_core.shell:Creating environment hook '/home/jeff/ros2_ws/install/primo-arm-r00/share/primo-arm-r00/hook/ament_prefix_path.sh'
[0.640s] INFO:colcon.colcon_core.shell:Skip shell extension 'powershell' for command environment: Not usable outside of PowerShell
[0.640s] DEBUG:colcon.colcon_core.shell:Skip shell extension 'dsv' for command environment
[1.150s] INFO:colcon.colcon_core.task.python.build:Building Python package in '/home/jeff/ros2_ws/src/primo-arm-r00'
[1.151s] INFO:colcon.colcon_core.shell:Skip shell extension 'powershell' for command environment: Not usable outside of PowerShell
[1.151s] DEBUG:colcon.colcon_core.shell:Skip shell extension 'dsv' for command environment
[1.796s] DEBUG:colcon.colcon_core.event_handler.log_command:Invoking command in '/home/jeff/ros2_ws/src/primo-arm-r00': PYTHONPATH=/home/jeff/ros2_ws/build/primo-arm-r00/prefix_override:/usr/lib/python3/dist-packages/colcon_core/task/python/colcon_distutils_commands:/home/jeff/ros2_ws/install/primo-arm-r00/lib/python3.10/site-packages:${PYTHONPATH} /usr/bin/python3 -W ignore:setup.py install is deprecated -W ignore:easy_install command is deprecated setup.py egg_info --egg-base ../../build/primo-arm-r00 build --build-base /home/jeff/ros2_ws/build/primo-arm-r00/build install --record /home/jeff/ros2_ws/build/primo-arm-r00/install.log --single-version-externally-managed install_data
[2.312s] DEBUG:colcon.colcon_core.event_handler.log_command:Invoked command in '/home/jeff/ros2_ws/src/primo-arm-r00' returned '0': PYTHONPATH=/home/jeff/ros2_ws/build/primo-arm-r00/prefix_override:/usr/lib/python3/dist-packages/colcon_core/task/python/colcon_distutils_commands:/home/jeff/ros2_ws/install/primo-arm-r00/lib/python3.10/site-packages:${PYTHONPATH} /usr/bin/python3 -W ignore:setup.py install is deprecated -W ignore:easy_install command is deprecated setup.py egg_info --egg-base ../../build/primo-arm-r00 build --build-base /home/jeff/ros2_ws/build/primo-arm-r00/build install --record /home/jeff/ros2_ws/build/primo-arm-r00/install.log --single-version-externally-managed install_data
[2.315s] Level 1:colcon.colcon_core.environment:checking '/home/jeff/ros2_ws/install/primo-arm-r00' for CMake module files
[2.315s] Level 1:colcon.colcon_core.environment:checking '/home/jeff/ros2_ws/install/primo-arm-r00' for CMake config files
[2.317s] Level 1:colcon.colcon_core.environment:checking '/home/jeff/ros2_ws/install/primo-arm-r00/lib'
[2.317s] Level 1:colcon.colcon_core.environment:checking '/home/jeff/ros2_ws/install/primo-arm-r00/bin'
[2.317s] Level 1:colcon.colcon_core.environment:checking '/home/jeff/ros2_ws/install/primo-arm-r00/lib/pkgconfig/primo-arm-r00.pc'
[2.317s] Level 1:colcon.colcon_core.environment:checking '/home/jeff/ros2_ws/install/primo-arm-r00/lib/python3.10/site-packages'
[2.317s] Level 1:colcon.colcon_core.shell:create_environment_hook('primo-arm-r00', 'pythonpath')
[2.318s] INFO:colcon.colcon_core.shell:Creating environment hook '/home/jeff/ros2_ws/install/primo-arm-r00/share/primo-arm-r00/hook/pythonpath.ps1'
[2.318s] INFO:colcon.colcon_core.shell:Creating environment descriptor '/home/jeff/ros2_ws/install/primo-arm-r00/share/primo-arm-r00/hook/pythonpath.dsv'
[2.319s] INFO:colcon.colcon_core.shell:Creating environment hook '/home/jeff/ros2_ws/install/primo-arm-r00/share/primo-arm-r00/hook/pythonpath.sh'
[2.320s] Level 1:colcon.colcon_core.environment:checking '/home/jeff/ros2_ws/install/primo-arm-r00/bin'
[2.320s] Level 1:colcon.colcon_core.environment:create_environment_scripts_only(primo-arm-r00)
[2.321s] INFO:colcon.colcon_core.shell:Creating package script '/home/jeff/ros2_ws/install/primo-arm-r00/share/primo-arm-r00/package.ps1'
[2.322s] INFO:colcon.colcon_core.shell:Creating package descriptor '/home/jeff/ros2_ws/install/primo-arm-r00/share/primo-arm-r00/package.dsv'
[2.324s] INFO:colcon.colcon_core.shell:Creating package script '/home/jeff/ros2_ws/install/primo-arm-r00/share/primo-arm-r00/package.sh'
[2.326s] INFO:colcon.colcon_core.shell:Creating package script '/home/jeff/ros2_ws/install/primo-arm-r00/share/primo-arm-r00/package.bash'
[2.329s] INFO:colcon.colcon_core.shell:Creating package script '/home/jeff/ros2_ws/install/primo-arm-r00/share/primo-arm-r00/package.zsh'
[2.331s] Level 1:colcon.colcon_core.environment:create_file_with_runtime_dependencies(/home/jeff/ros2_ws/install/primo-arm-r00/share/colcon-core/packages/primo-arm-r00)
[2.332s] DEBUG:colcon.colcon_parallel_executor.executor.parallel:closing loop
[2.332s] DEBUG:colcon.colcon_parallel_executor.executor.parallel:loop closed
[2.332s] DEBUG:colcon.colcon_parallel_executor.executor.parallel:run_until_complete finished with '0'
[2.333s] DEBUG:colcon.colcon_core.event_reactor:joining thread
[2.340s] INFO:colcon.colcon_core.plugin_system:Skipping extension 'colcon_notification.desktop_notification.terminal_notifier': Not used on non-Darwin systems
[2.340s] INFO:colcon.colcon_core.plugin_system:Skipping extension 'colcon_notification.desktop_notification.win32': Not used on non-Windows systems
[2.340s] INFO:colcon.colcon_notification.desktop_notification:Sending desktop notification using 'notify2'
[2.358s] DEBUG:colcon.colcon_core.event_reactor:joined thread
[2.359s] INFO:colcon.colcon_core.shell:Creating prefix script '/home/jeff/ros2_ws/install/local_setup.ps1'
[2.361s] INFO:colcon.colcon_core.shell:Creating prefix util module '/home/jeff/ros2_ws/install/_local_setup_util_ps1.py'
[2.365s] INFO:colcon.colcon_core.shell:Creating prefix chain script '/home/jeff/ros2_ws/install/setup.ps1'
[2.369s] INFO:colcon.colcon_core.shell:Creating prefix script '/home/jeff/ros2_ws/install/local_setup.sh'
[2.370s] INFO:colcon.colcon_core.shell:Creating prefix util module '/home/jeff/ros2_ws/install/_local_setup_util_sh.py'
[2.372s] INFO:colcon.colcon_core.shell:Creating prefix chain script '/home/jeff/ros2_ws/install/setup.sh'
[2.374s] INFO:colcon.colcon_core.shell:Creating prefix script '/home/jeff/ros2_ws/install/local_setup.bash'
[2.375s] INFO:colcon.colcon_core.shell:Creating prefix chain script '/home/jeff/ros2_ws/install/setup.bash'
[2.378s] INFO:colcon.colcon_core.shell:Creating prefix script '/home/jeff/ros2_ws/install/local_setup.zsh'
[2.379s] INFO:colcon.colcon_core.shell:Creating prefix chain script '/home/jeff/ros2_ws/install/setup.zsh'
