[0.208s] DEBUG:colcon:Command line arguments: ['/usr/bin/colcon', 'build', '--symlink-install']
[0.208s] DEBUG:colcon:Parsed command line arguments: Namespace(log_base=None, log_level=None, verb_name='build', build_base='build', install_base='install', merge_install=False, symlink_install=True, test_result_base=None, continue_on_error=False, executor='parallel', parallel_workers=4, event_handlers=None, ignore_user_meta=False, metas=['./colcon.meta'], base_paths=['.'], packages_ignore=None, packages_ignore_regex=None, paths=None, packages_up_to=None, packages_up_to_regex=None, packages_above=None, packages_above_and_dependencies=None, packages_above_depth=None, packages_select_by_dep=None, packages_skip_by_dep=None, packages_skip_up_to=None, packages_select_build_failed=False, packages_skip_build_finished=False, packages_select_test_failures=False, packages_skip_test_passed=False, packages_select=None, packages_skip=None, packages_select_regex=None, packages_skip_regex=None, packages_start=None, packages_end=None, allow_overriding=[], cmake_args=None, cmake_target=None, cmake_target_skip_unavailable=False, cmake_clean_cache=False, cmake_clean_first=False, cmake_force_configure=False, ament_cmake_args=None, catkin_cmake_args=None, catkin_skip_building_tests=False, verb_parser=<colcon_defaults.argument_parser.defaults.DefaultArgumentsDecorator object at 0x79f65fe278b0>, verb_extension=<colcon_core.verb.build.BuildVerb object at 0x79f65ffdc4c0>, main=<bound method BuildVerb.main of <colcon_core.verb.build.BuildVerb object at 0x79f65ffdc4c0>>)
[0.508s] Level 1:colcon.colcon_core.package_discovery:discover_packages(colcon_meta) check parameters
[0.508s] Level 1:colcon.colcon_core.package_discovery:discover_packages(recursive) check parameters
[0.508s] Level 1:colcon.colcon_core.package_discovery:discover_packages(ignore) check parameters
[0.508s] Level 1:colcon.colcon_core.package_discovery:discover_packages(path) check parameters
[0.509s] Level 1:colcon.colcon_core.package_discovery:discover_packages(colcon_meta) discover
[0.509s] Level 1:colcon.colcon_core.package_discovery:discover_packages(recursive) discover
[0.509s] INFO:colcon.colcon_core.package_discovery:Crawling recursively for packages in '/home/jeff/ros2_ws'
[0.509s] Level 1:colcon.colcon_core.package_identification:_identify(.) by extensions ['ignore', 'ignore_ament_install']
[0.509s] Level 1:colcon.colcon_core.package_identification:_identify(.) by extension 'ignore'
[0.509s] Level 1:colcon.colcon_core.package_identification:_identify(.) by extension 'ignore_ament_install'
[0.509s] Level 1:colcon.colcon_core.package_identification:_identify(.) by extensions ['colcon_pkg']
[0.509s] Level 1:colcon.colcon_core.package_identification:_identify(.) by extension 'colcon_pkg'
[0.510s] Level 1:colcon.colcon_core.package_identification:_identify(.) by extensions ['colcon_meta']
[0.510s] Level 1:colcon.colcon_core.package_identification:_identify(.) by extension 'colcon_meta'
[0.510s] Level 1:colcon.colcon_core.package_identification:_identify(.) by extensions ['ros']
[0.510s] Level 1:colcon.colcon_core.package_identification:_identify(.) by extension 'ros'
[0.530s] Level 1:colcon.colcon_core.package_identification:_identify(.) by extensions ['cmake', 'python']
[0.531s] Level 1:colcon.colcon_core.package_identification:_identify(.) by extension 'cmake'
[0.531s] Level 1:colcon.colcon_core.package_identification:_identify(.) by extension 'python'
[0.531s] Level 1:colcon.colcon_core.package_identification:_identify(.) by extensions ['python_setup_py']
[0.531s] Level 1:colcon.colcon_core.package_identification:_identify(.) by extension 'python_setup_py'
[0.531s] Level 1:colcon.colcon_core.package_identification:_identify(build) by extensions ['ignore', 'ignore_ament_install']
[0.531s] Level 1:colcon.colcon_core.package_identification:_identify(build) by extension 'ignore'
[0.531s] Level 1:colcon.colcon_core.package_identification:_identify(build) ignored
[0.531s] Level 1:colcon.colcon_core.package_identification:_identify(install) by extensions ['ignore', 'ignore_ament_install']
[0.532s] Level 1:colcon.colcon_core.package_identification:_identify(install) by extension 'ignore'
[0.532s] Level 1:colcon.colcon_core.package_identification:_identify(install) ignored
[0.532s] Level 1:colcon.colcon_core.package_identification:_identify(log) by extensions ['ignore', 'ignore_ament_install']
[0.532s] Level 1:colcon.colcon_core.package_identification:_identify(log) by extension 'ignore'
[0.532s] Level 1:colcon.colcon_core.package_identification:_identify(log) ignored
[0.533s] Level 1:colcon.colcon_core.package_identification:_identify(src) by extensions ['ignore', 'ignore_ament_install']
[0.533s] Level 1:colcon.colcon_core.package_identification:_identify(src) by extension 'ignore'
[0.533s] Level 1:colcon.colcon_core.package_identification:_identify(src) by extension 'ignore_ament_install'
[0.533s] Level 1:colcon.colcon_core.package_identification:_identify(src) by extensions ['colcon_pkg']
[0.533s] Level 1:colcon.colcon_core.package_identification:_identify(src) by extension 'colcon_pkg'
[0.533s] Level 1:colcon.colcon_core.package_identification:_identify(src) by extensions ['colcon_meta']
[0.533s] Level 1:colcon.colcon_core.package_identification:_identify(src) by extension 'colcon_meta'
[0.533s] Level 1:colcon.colcon_core.package_identification:_identify(src) by extensions ['ros']
[0.534s] Level 1:colcon.colcon_core.package_identification:_identify(src) by extension 'ros'
[0.534s] Level 1:colcon.colcon_core.package_identification:_identify(src) by extensions ['cmake', 'python']
[0.534s] Level 1:colcon.colcon_core.package_identification:_identify(src) by extension 'cmake'
[0.534s] Level 1:colcon.colcon_core.package_identification:_identify(src) by extension 'python'
[0.534s] Level 1:colcon.colcon_core.package_identification:_identify(src) by extensions ['python_setup_py']
[0.534s] Level 1:colcon.colcon_core.package_identification:_identify(src) by extension 'python_setup_py'
[0.534s] Level 1:colcon.colcon_core.package_identification:_identify(src/primo-arm-r00) by extensions ['ignore', 'ignore_ament_install']
[0.534s] Level 1:colcon.colcon_core.package_identification:_identify(src/primo-arm-r00) by extension 'ignore'
[0.534s] Level 1:colcon.colcon_core.package_identification:_identify(src/primo-arm-r00) by extension 'ignore_ament_install'
[0.534s] Level 1:colcon.colcon_core.package_identification:_identify(src/primo-arm-r00) by extensions ['colcon_pkg']
[0.534s] Level 1:colcon.colcon_core.package_identification:_identify(src/primo-arm-r00) by extension 'colcon_pkg'
[0.534s] Level 1:colcon.colcon_core.package_identification:_identify(src/primo-arm-r00) by extensions ['colcon_meta']
[0.534s] Level 1:colcon.colcon_core.package_identification:_identify(src/primo-arm-r00) by extension 'colcon_meta'
[0.535s] Level 1:colcon.colcon_core.package_identification:_identify(src/primo-arm-r00) by extensions ['ros']
[0.535s] Level 1:colcon.colcon_core.package_identification:_identify(src/primo-arm-r00) by extension 'ros'
[0.538s] DEBUG:colcon.colcon_core.package_identification:Package 'src/primo-arm-r00' with type 'ros.ament_python' and name 'primo-arm-r00'
[0.538s] Level 1:colcon.colcon_core.package_identification:_identify(src/primo-arm-r01) by extensions ['ignore', 'ignore_ament_install']
[0.539s] Level 1:colcon.colcon_core.package_identification:_identify(src/primo-arm-r01) by extension 'ignore'
[0.539s] Level 1:colcon.colcon_core.package_identification:_identify(src/primo-arm-r01) by extension 'ignore_ament_install'
[0.539s] Level 1:colcon.colcon_core.package_identification:_identify(src/primo-arm-r01) by extensions ['colcon_pkg']
[0.539s] Level 1:colcon.colcon_core.package_identification:_identify(src/primo-arm-r01) by extension 'colcon_pkg'
[0.539s] Level 1:colcon.colcon_core.package_identification:_identify(src/primo-arm-r01) by extensions ['colcon_meta']
[0.539s] Level 1:colcon.colcon_core.package_identification:_identify(src/primo-arm-r01) by extension 'colcon_meta'
[0.539s] Level 1:colcon.colcon_core.package_identification:_identify(src/primo-arm-r01) by extensions ['ros']
[0.539s] Level 1:colcon.colcon_core.package_identification:_identify(src/primo-arm-r01) by extension 'ros'
[0.540s] DEBUG:colcon.colcon_core.package_identification:Package 'src/primo-arm-r01' with type 'ros.ament_python' and name 'primo-arm-r01'
[0.540s] Level 1:colcon.colcon_core.package_identification:_identify(src/primo_dynamixel_driver) by extensions ['ignore', 'ignore_ament_install']
[0.540s] Level 1:colcon.colcon_core.package_identification:_identify(src/primo_dynamixel_driver) by extension 'ignore'
[0.540s] Level 1:colcon.colcon_core.package_identification:_identify(src/primo_dynamixel_driver) by extension 'ignore_ament_install'
[0.540s] Level 1:colcon.colcon_core.package_identification:_identify(src/primo_dynamixel_driver) by extensions ['colcon_pkg']
[0.540s] Level 1:colcon.colcon_core.package_identification:_identify(src/primo_dynamixel_driver) by extension 'colcon_pkg'
[0.541s] Level 1:colcon.colcon_core.package_identification:_identify(src/primo_dynamixel_driver) by extensions ['colcon_meta']
[0.541s] Level 1:colcon.colcon_core.package_identification:_identify(src/primo_dynamixel_driver) by extension 'colcon_meta'
[0.541s] Level 1:colcon.colcon_core.package_identification:_identify(src/primo_dynamixel_driver) by extensions ['ros']
[0.541s] Level 1:colcon.colcon_core.package_identification:_identify(src/primo_dynamixel_driver) by extension 'ros'
[0.542s] DEBUG:colcon.colcon_core.package_identification:Package 'src/primo_dynamixel_driver' with type 'ros.ament_python' and name 'primo_dynamixel_driver'
[0.542s] Level 1:colcon.colcon_core.package_discovery:discover_packages(recursive) using defaults
[0.543s] Level 1:colcon.colcon_core.package_discovery:discover_packages(ignore) discover
[0.543s] Level 1:colcon.colcon_core.package_discovery:discover_packages(ignore) using defaults
[0.543s] Level 1:colcon.colcon_core.package_discovery:discover_packages(path) discover
[0.543s] Level 1:colcon.colcon_core.package_discovery:discover_packages(path) using defaults
[0.581s] Level 1:colcon.colcon_core.package_discovery:discover_packages(prefix_path) check parameters
[0.581s] Level 1:colcon.colcon_core.package_discovery:discover_packages(prefix_path) discover
[0.589s] DEBUG:colcon.colcon_installed_package_information.package_discovery:Found 320 installed packages in /opt/ros/humble
[0.608s] Level 1:colcon.colcon_core.package_discovery:discover_packages(prefix_path) using defaults
[0.690s] Level 5:colcon.colcon_core.verb:set package 'primo-arm-r00' build argument 'cmake_args' from command line to 'None'
[0.690s] Level 5:colcon.colcon_core.verb:set package 'primo-arm-r00' build argument 'cmake_target' from command line to 'None'
[0.690s] Level 5:colcon.colcon_core.verb:set package 'primo-arm-r00' build argument 'cmake_target_skip_unavailable' from command line to 'False'
[0.690s] Level 5:colcon.colcon_core.verb:set package 'primo-arm-r00' build argument 'cmake_clean_cache' from command line to 'False'
[0.690s] Level 5:colcon.colcon_core.verb:set package 'primo-arm-r00' build argument 'cmake_clean_first' from command line to 'False'
[0.690s] Level 5:colcon.colcon_core.verb:set package 'primo-arm-r00' build argument 'cmake_force_configure' from command line to 'False'
[0.691s] Level 5:colcon.colcon_core.verb:set package 'primo-arm-r00' build argument 'ament_cmake_args' from command line to 'None'
[0.691s] Level 5:colcon.colcon_core.verb:set package 'primo-arm-r00' build argument 'catkin_cmake_args' from command line to 'None'
[0.691s] Level 5:colcon.colcon_core.verb:set package 'primo-arm-r00' build argument 'catkin_skip_building_tests' from command line to 'False'
[0.691s] DEBUG:colcon.colcon_core.verb:Building package 'primo-arm-r00' with the following arguments: {'ament_cmake_args': None, 'build_base': '/home/jeff/ros2_ws/build/primo-arm-r00', 'catkin_cmake_args': None, 'catkin_skip_building_tests': False, 'cmake_args': None, 'cmake_clean_cache': False, 'cmake_clean_first': False, 'cmake_force_configure': False, 'cmake_target': None, 'cmake_target_skip_unavailable': False, 'install_base': '/home/jeff/ros2_ws/install/primo-arm-r00', 'merge_install': False, 'path': '/home/jeff/ros2_ws/src/primo-arm-r00', 'symlink_install': True, 'test_result_base': None}
[0.691s] Level 5:colcon.colcon_core.verb:set package 'primo-arm-r01' build argument 'cmake_args' from command line to 'None'
[0.691s] Level 5:colcon.colcon_core.verb:set package 'primo-arm-r01' build argument 'cmake_target' from command line to 'None'
[0.691s] Level 5:colcon.colcon_core.verb:set package 'primo-arm-r01' build argument 'cmake_target_skip_unavailable' from command line to 'False'
[0.691s] Level 5:colcon.colcon_core.verb:set package 'primo-arm-r01' build argument 'cmake_clean_cache' from command line to 'False'
[0.692s] Level 5:colcon.colcon_core.verb:set package 'primo-arm-r01' build argument 'cmake_clean_first' from command line to 'False'
[0.692s] Level 5:colcon.colcon_core.verb:set package 'primo-arm-r01' build argument 'cmake_force_configure' from command line to 'False'
[0.692s] Level 5:colcon.colcon_core.verb:set package 'primo-arm-r01' build argument 'ament_cmake_args' from command line to 'None'
[0.692s] Level 5:colcon.colcon_core.verb:set package 'primo-arm-r01' build argument 'catkin_cmake_args' from command line to 'None'
[0.692s] Level 5:colcon.colcon_core.verb:set package 'primo-arm-r01' build argument 'catkin_skip_building_tests' from command line to 'False'
[0.692s] DEBUG:colcon.colcon_core.verb:Building package 'primo-arm-r01' with the following arguments: {'ament_cmake_args': None, 'build_base': '/home/jeff/ros2_ws/build/primo-arm-r01', 'catkin_cmake_args': None, 'catkin_skip_building_tests': False, 'cmake_args': None, 'cmake_clean_cache': False, 'cmake_clean_first': False, 'cmake_force_configure': False, 'cmake_target': None, 'cmake_target_skip_unavailable': False, 'install_base': '/home/jeff/ros2_ws/install/primo-arm-r01', 'merge_install': False, 'path': '/home/jeff/ros2_ws/src/primo-arm-r01', 'symlink_install': True, 'test_result_base': None}
[0.692s] Level 5:colcon.colcon_core.verb:set package 'primo_dynamixel_driver' build argument 'cmake_args' from command line to 'None'
[0.692s] Level 5:colcon.colcon_core.verb:set package 'primo_dynamixel_driver' build argument 'cmake_target' from command line to 'None'
[0.692s] Level 5:colcon.colcon_core.verb:set package 'primo_dynamixel_driver' build argument 'cmake_target_skip_unavailable' from command line to 'False'
[0.692s] Level 5:colcon.colcon_core.verb:set package 'primo_dynamixel_driver' build argument 'cmake_clean_cache' from command line to 'False'
[0.692s] Level 5:colcon.colcon_core.verb:set package 'primo_dynamixel_driver' build argument 'cmake_clean_first' from command line to 'False'
[0.692s] Level 5:colcon.colcon_core.verb:set package 'primo_dynamixel_driver' build argument 'cmake_force_configure' from command line to 'False'
[0.692s] Level 5:colcon.colcon_core.verb:set package 'primo_dynamixel_driver' build argument 'ament_cmake_args' from command line to 'None'
[0.693s] Level 5:colcon.colcon_core.verb:set package 'primo_dynamixel_driver' build argument 'catkin_cmake_args' from command line to 'None'
[0.693s] Level 5:colcon.colcon_core.verb:set package 'primo_dynamixel_driver' build argument 'catkin_skip_building_tests' from command line to 'False'
[0.693s] DEBUG:colcon.colcon_core.verb:Building package 'primo_dynamixel_driver' with the following arguments: {'ament_cmake_args': None, 'build_base': '/home/jeff/ros2_ws/build/primo_dynamixel_driver', 'catkin_cmake_args': None, 'catkin_skip_building_tests': False, 'cmake_args': None, 'cmake_clean_cache': False, 'cmake_clean_first': False, 'cmake_force_configure': False, 'cmake_target': None, 'cmake_target_skip_unavailable': False, 'install_base': '/home/jeff/ros2_ws/install/primo_dynamixel_driver', 'merge_install': False, 'path': '/home/jeff/ros2_ws/src/primo_dynamixel_driver', 'symlink_install': True, 'test_result_base': None}
[0.693s] INFO:colcon.colcon_core.executor:Executing jobs using 'parallel' executor
[0.694s] DEBUG:colcon.colcon_parallel_executor.executor.parallel:run_until_complete
[0.695s] INFO:colcon.colcon_ros.task.ament_python.build:Building ROS package in '/home/jeff/ros2_ws/src/primo-arm-r00' with build type 'ament_python'
[0.695s] Level 1:colcon.colcon_core.shell:create_environment_hook('primo-arm-r00', 'ament_prefix_path')
[0.699s] INFO:colcon.colcon_core.plugin_system:Skipping extension 'colcon_core.shell.bat': Not used on non-Windows systems
[0.699s] INFO:colcon.colcon_core.shell:Creating environment hook '/home/jeff/ros2_ws/install/primo-arm-r00/share/primo-arm-r00/hook/ament_prefix_path.ps1'
[0.701s] INFO:colcon.colcon_core.shell:Creating environment descriptor '/home/jeff/ros2_ws/install/primo-arm-r00/share/primo-arm-r00/hook/ament_prefix_path.dsv'
[0.701s] INFO:colcon.colcon_core.shell:Creating environment hook '/home/jeff/ros2_ws/install/primo-arm-r00/share/primo-arm-r00/hook/ament_prefix_path.sh'
[0.703s] INFO:colcon.colcon_core.shell:Skip shell extension 'powershell' for command environment: Not usable outside of PowerShell
[0.704s] DEBUG:colcon.colcon_core.shell:Skip shell extension 'dsv' for command environment
[0.710s] INFO:colcon.colcon_ros.task.ament_python.build:Building ROS package in '/home/jeff/ros2_ws/src/primo-arm-r01' with build type 'ament_python'
[0.711s] Level 1:colcon.colcon_core.shell:create_environment_hook('primo-arm-r01', 'ament_prefix_path')
[0.711s] INFO:colcon.colcon_core.shell:Creating environment hook '/home/jeff/ros2_ws/install/primo-arm-r01/share/primo-arm-r01/hook/ament_prefix_path.ps1'
[0.712s] INFO:colcon.colcon_core.shell:Creating environment descriptor '/home/jeff/ros2_ws/install/primo-arm-r01/share/primo-arm-r01/hook/ament_prefix_path.dsv'
[0.713s] INFO:colcon.colcon_core.shell:Creating environment hook '/home/jeff/ros2_ws/install/primo-arm-r01/share/primo-arm-r01/hook/ament_prefix_path.sh'
[0.714s] INFO:colcon.colcon_core.shell:Skip shell extension 'powershell' for command environment: Not usable outside of PowerShell
[0.714s] DEBUG:colcon.colcon_core.shell:Skip shell extension 'dsv' for command environment
[0.719s] INFO:colcon.colcon_ros.task.ament_python.build:Building ROS package in '/home/jeff/ros2_ws/src/primo_dynamixel_driver' with build type 'ament_python'
[0.719s] Level 1:colcon.colcon_core.shell:create_environment_hook('primo_dynamixel_driver', 'ament_prefix_path')
[0.720s] INFO:colcon.colcon_core.shell:Creating environment hook '/home/jeff/ros2_ws/install/primo_dynamixel_driver/share/primo_dynamixel_driver/hook/ament_prefix_path.ps1'
[0.721s] INFO:colcon.colcon_core.shell:Creating environment descriptor '/home/jeff/ros2_ws/install/primo_dynamixel_driver/share/primo_dynamixel_driver/hook/ament_prefix_path.dsv'
[0.722s] INFO:colcon.colcon_core.shell:Creating environment hook '/home/jeff/ros2_ws/install/primo_dynamixel_driver/share/primo_dynamixel_driver/hook/ament_prefix_path.sh'
[0.724s] INFO:colcon.colcon_core.shell:Skip shell extension 'powershell' for command environment: Not usable outside of PowerShell
[0.724s] DEBUG:colcon.colcon_core.shell:Skip shell extension 'dsv' for command environment
[1.230s] INFO:colcon.colcon_core.task.python.build:Building Python package in '/home/jeff/ros2_ws/src/primo-arm-r00'
[1.230s] INFO:colcon.colcon_core.shell:Skip shell extension 'powershell' for command environment: Not usable outside of PowerShell
[1.230s] DEBUG:colcon.colcon_core.shell:Skip shell extension 'dsv' for command environment
[1.728s] WARNING:colcon.colcon_ros.task.ament_python.build:Package 'primo-arm-r01' doesn't explicitly install a marker in the package index (colcon-ros currently does it implicitly but that fallback will be removed in the future)
[1.729s] INFO:colcon.colcon_core.task.python.build:Building Python package in '/home/jeff/ros2_ws/src/primo-arm-r01'
[1.729s] INFO:colcon.colcon_core.shell:Skip shell extension 'powershell' for command environment: Not usable outside of PowerShell
[1.730s] DEBUG:colcon.colcon_core.shell:Skip shell extension 'dsv' for command environment
[2.243s] WARNING:colcon.colcon_ros.task.ament_python.build:Package 'primo_dynamixel_driver' doesn't explicitly install a marker in the package index (colcon-ros currently does it implicitly but that fallback will be removed in the future)
[2.243s] INFO:colcon.colcon_core.task.python.build:Building Python package in '/home/jeff/ros2_ws/src/primo_dynamixel_driver'
[2.243s] INFO:colcon.colcon_core.shell:Skip shell extension 'powershell' for command environment: Not usable outside of PowerShell
[2.243s] DEBUG:colcon.colcon_core.shell:Skip shell extension 'dsv' for command environment
[3.278s] DEBUG:colcon.colcon_core.event_handler.log_command:Invoking command in '/home/jeff/ros2_ws/build/primo-arm-r01': PYTHONPATH=/home/jeff/ros2_ws/build/primo-arm-r01/prefix_override:/usr/lib/python3/dist-packages/colcon_core/task/python/colcon_distutils_commands:/home/jeff/ros2_ws/install/primo-arm-r01/lib/python3.10/site-packages:${PYTHONPATH} /usr/bin/python3 -W ignore:setup.py install is deprecated -W ignore:easy_install command is deprecated setup.py develop --editable --build-directory /home/jeff/ros2_ws/build/primo-arm-r01/build --no-deps symlink_data
[3.297s] DEBUG:colcon.colcon_core.event_handler.log_command:Invoking command in '/home/jeff/ros2_ws/build/primo-arm-r00': PYTHONPATH=/home/jeff/ros2_ws/build/primo-arm-r00/prefix_override:/usr/lib/python3/dist-packages/colcon_core/task/python/colcon_distutils_commands:/home/jeff/ros2_ws/install/primo-arm-r00/lib/python3.10/site-packages:${PYTHONPATH} /usr/bin/python3 -W ignore:setup.py install is deprecated -W ignore:easy_install command is deprecated setup.py develop --editable --build-directory /home/jeff/ros2_ws/build/primo-arm-r00/build --no-deps symlink_data
[3.301s] DEBUG:colcon.colcon_core.event_handler.log_command:Invoking command in '/home/jeff/ros2_ws/build/primo_dynamixel_driver': PYTHONPATH=/home/jeff/ros2_ws/build/primo_dynamixel_driver/prefix_override:/usr/lib/python3/dist-packages/colcon_core/task/python/colcon_distutils_commands:/home/jeff/ros2_ws/install/primo_dynamixel_driver/lib/python3.10/site-packages:${PYTHONPATH} /usr/bin/python3 -W ignore:setup.py install is deprecated -W ignore:easy_install command is deprecated setup.py develop --editable --build-directory /home/jeff/ros2_ws/build/primo_dynamixel_driver/build --no-deps symlink_data
[4.566s] Level 1:colcon.colcon_core.shell:create_environment_hook('primo-arm-r01', 'pythonpath_develop')
[4.567s] INFO:colcon.colcon_core.shell:Creating environment hook '/home/jeff/ros2_ws/build/primo-arm-r01/share/primo-arm-r01/hook/pythonpath_develop.ps1'
[4.568s] DEBUG:colcon.colcon_core.event_handler.log_command:Invoked command in '/home/jeff/ros2_ws/build/primo-arm-r01' returned '0': PYTHONPATH=/home/jeff/ros2_ws/build/primo-arm-r01/prefix_override:/usr/lib/python3/dist-packages/colcon_core/task/python/colcon_distutils_commands:/home/jeff/ros2_ws/install/primo-arm-r01/lib/python3.10/site-packages:${PYTHONPATH} /usr/bin/python3 -W ignore:setup.py install is deprecated -W ignore:easy_install command is deprecated setup.py develop --editable --build-directory /home/jeff/ros2_ws/build/primo-arm-r01/build --no-deps symlink_data
[4.569s] INFO:colcon.colcon_core.shell:Creating environment descriptor '/home/jeff/ros2_ws/build/primo-arm-r01/share/primo-arm-r01/hook/pythonpath_develop.dsv'
[4.570s] INFO:colcon.colcon_core.shell:Creating environment hook '/home/jeff/ros2_ws/build/primo-arm-r01/share/primo-arm-r01/hook/pythonpath_develop.sh'
[4.576s] Level 1:colcon.colcon_core.environment:checking '/home/jeff/ros2_ws/install/primo-arm-r01' for CMake module files
[4.577s] Level 1:colcon.colcon_core.environment:checking '/home/jeff/ros2_ws/install/primo-arm-r01' for CMake config files
[4.579s] Level 1:colcon.colcon_core.environment:checking '/home/jeff/ros2_ws/install/primo-arm-r01/lib'
[4.579s] Level 1:colcon.colcon_core.environment:checking '/home/jeff/ros2_ws/install/primo-arm-r01/bin'
[4.580s] Level 1:colcon.colcon_core.environment:checking '/home/jeff/ros2_ws/install/primo-arm-r01/lib/pkgconfig/primo-arm-r01.pc'
[4.580s] Level 1:colcon.colcon_core.environment:checking '/home/jeff/ros2_ws/install/primo-arm-r01/lib/python3.10/site-packages'
[4.581s] Level 1:colcon.colcon_core.shell:create_environment_hook('primo-arm-r01', 'pythonpath')
[4.581s] INFO:colcon.colcon_core.shell:Creating environment hook '/home/jeff/ros2_ws/install/primo-arm-r01/share/primo-arm-r01/hook/pythonpath.ps1'
[4.582s] INFO:colcon.colcon_core.shell:Creating environment descriptor '/home/jeff/ros2_ws/install/primo-arm-r01/share/primo-arm-r01/hook/pythonpath.dsv'
[4.583s] INFO:colcon.colcon_core.shell:Creating environment hook '/home/jeff/ros2_ws/install/primo-arm-r01/share/primo-arm-r01/hook/pythonpath.sh'
[4.586s] Level 1:colcon.colcon_core.environment:checking '/home/jeff/ros2_ws/install/primo-arm-r01/bin'
[4.586s] Level 1:colcon.colcon_core.environment:create_environment_scripts_only(primo-arm-r01)
[4.588s] INFO:colcon.colcon_core.shell:Creating package script '/home/jeff/ros2_ws/install/primo-arm-r01/share/primo-arm-r01/package.ps1'
[4.592s] INFO:colcon.colcon_core.shell:Creating package descriptor '/home/jeff/ros2_ws/install/primo-arm-r01/share/primo-arm-r01/package.dsv'
[4.594s] INFO:colcon.colcon_core.shell:Creating package script '/home/jeff/ros2_ws/install/primo-arm-r01/share/primo-arm-r01/package.sh'
[4.597s] INFO:colcon.colcon_core.shell:Creating package script '/home/jeff/ros2_ws/install/primo-arm-r01/share/primo-arm-r01/package.bash'
[4.599s] INFO:colcon.colcon_core.shell:Creating package script '/home/jeff/ros2_ws/install/primo-arm-r01/share/primo-arm-r01/package.zsh'
[4.601s] Level 1:colcon.colcon_core.environment:create_file_with_runtime_dependencies(/home/jeff/ros2_ws/install/primo-arm-r01/share/colcon-core/packages/primo-arm-r01)
[4.624s] Level 1:colcon.colcon_core.shell:create_environment_hook('primo_dynamixel_driver', 'pythonpath_develop')
[4.625s] INFO:colcon.colcon_core.shell:Creating environment hook '/home/jeff/ros2_ws/build/primo_dynamixel_driver/share/primo_dynamixel_driver/hook/pythonpath_develop.ps1'
[4.626s] DEBUG:colcon.colcon_core.event_handler.log_command:Invoked command in '/home/jeff/ros2_ws/build/primo_dynamixel_driver' returned '0': PYTHONPATH=/home/jeff/ros2_ws/build/primo_dynamixel_driver/prefix_override:/usr/lib/python3/dist-packages/colcon_core/task/python/colcon_distutils_commands:/home/jeff/ros2_ws/install/primo_dynamixel_driver/lib/python3.10/site-packages:${PYTHONPATH} /usr/bin/python3 -W ignore:setup.py install is deprecated -W ignore:easy_install command is deprecated setup.py develop --editable --build-directory /home/jeff/ros2_ws/build/primo_dynamixel_driver/build --no-deps symlink_data
[4.627s] INFO:colcon.colcon_core.shell:Creating environment descriptor '/home/jeff/ros2_ws/build/primo_dynamixel_driver/share/primo_dynamixel_driver/hook/pythonpath_develop.dsv'
[4.628s] INFO:colcon.colcon_core.shell:Creating environment hook '/home/jeff/ros2_ws/build/primo_dynamixel_driver/share/primo_dynamixel_driver/hook/pythonpath_develop.sh'
[4.629s] Level 1:colcon.colcon_core.environment:checking '/home/jeff/ros2_ws/install/primo_dynamixel_driver' for CMake module files
[4.630s] Level 1:colcon.colcon_core.environment:checking '/home/jeff/ros2_ws/install/primo_dynamixel_driver' for CMake config files
[4.632s] Level 1:colcon.colcon_core.environment:checking '/home/jeff/ros2_ws/install/primo_dynamixel_driver/lib'
[4.632s] Level 1:colcon.colcon_core.environment:checking '/home/jeff/ros2_ws/install/primo_dynamixel_driver/bin'
[4.632s] Level 1:colcon.colcon_core.environment:checking '/home/jeff/ros2_ws/install/primo_dynamixel_driver/lib/pkgconfig/primo_dynamixel_driver.pc'
[4.633s] Level 1:colcon.colcon_core.environment:checking '/home/jeff/ros2_ws/install/primo_dynamixel_driver/lib/python3.10/site-packages'
[4.633s] Level 1:colcon.colcon_core.shell:create_environment_hook('primo_dynamixel_driver', 'pythonpath')
[4.633s] INFO:colcon.colcon_core.shell:Creating environment hook '/home/jeff/ros2_ws/install/primo_dynamixel_driver/share/primo_dynamixel_driver/hook/pythonpath.ps1'
[4.635s] INFO:colcon.colcon_core.shell:Creating environment descriptor '/home/jeff/ros2_ws/install/primo_dynamixel_driver/share/primo_dynamixel_driver/hook/pythonpath.dsv'
[4.636s] INFO:colcon.colcon_core.shell:Creating environment hook '/home/jeff/ros2_ws/install/primo_dynamixel_driver/share/primo_dynamixel_driver/hook/pythonpath.sh'
[4.637s] Level 1:colcon.colcon_core.environment:checking '/home/jeff/ros2_ws/install/primo_dynamixel_driver/bin'
[4.638s] Level 1:colcon.colcon_core.environment:create_environment_scripts_only(primo_dynamixel_driver)
[4.639s] INFO:colcon.colcon_core.shell:Creating package script '/home/jeff/ros2_ws/install/primo_dynamixel_driver/share/primo_dynamixel_driver/package.ps1'
[4.641s] INFO:colcon.colcon_core.shell:Creating package descriptor '/home/jeff/ros2_ws/install/primo_dynamixel_driver/share/primo_dynamixel_driver/package.dsv'
[4.642s] INFO:colcon.colcon_core.shell:Creating package script '/home/jeff/ros2_ws/install/primo_dynamixel_driver/share/primo_dynamixel_driver/package.sh'
[4.642s] INFO:colcon.colcon_core.shell:Creating package script '/home/jeff/ros2_ws/install/primo_dynamixel_driver/share/primo_dynamixel_driver/package.bash'
[4.643s] INFO:colcon.colcon_core.shell:Creating package script '/home/jeff/ros2_ws/install/primo_dynamixel_driver/share/primo_dynamixel_driver/package.zsh'
[4.644s] Level 1:colcon.colcon_core.environment:create_file_with_runtime_dependencies(/home/jeff/ros2_ws/install/primo_dynamixel_driver/share/colcon-core/packages/primo_dynamixel_driver)
[4.751s] Level 1:colcon.colcon_core.shell:create_environment_hook('primo-arm-r00', 'pythonpath_develop')
[4.752s] INFO:colcon.colcon_core.shell:Creating environment hook '/home/jeff/ros2_ws/build/primo-arm-r00/share/primo-arm-r00/hook/pythonpath_develop.ps1'
[4.753s] DEBUG:colcon.colcon_core.event_handler.log_command:Invoked command in '/home/jeff/ros2_ws/build/primo-arm-r00' returned '0': PYTHONPATH=/home/jeff/ros2_ws/build/primo-arm-r00/prefix_override:/usr/lib/python3/dist-packages/colcon_core/task/python/colcon_distutils_commands:/home/jeff/ros2_ws/install/primo-arm-r00/lib/python3.10/site-packages:${PYTHONPATH} /usr/bin/python3 -W ignore:setup.py install is deprecated -W ignore:easy_install command is deprecated setup.py develop --editable --build-directory /home/jeff/ros2_ws/build/primo-arm-r00/build --no-deps symlink_data
[4.754s] INFO:colcon.colcon_core.shell:Creating environment descriptor '/home/jeff/ros2_ws/build/primo-arm-r00/share/primo-arm-r00/hook/pythonpath_develop.dsv'
[4.755s] INFO:colcon.colcon_core.shell:Creating environment hook '/home/jeff/ros2_ws/build/primo-arm-r00/share/primo-arm-r00/hook/pythonpath_develop.sh'
[4.757s] Level 1:colcon.colcon_core.environment:checking '/home/jeff/ros2_ws/install/primo-arm-r00' for CMake module files
[4.757s] Level 1:colcon.colcon_core.environment:checking '/home/jeff/ros2_ws/install/primo-arm-r00' for CMake config files
[4.758s] Level 1:colcon.colcon_core.environment:checking '/home/jeff/ros2_ws/install/primo-arm-r00/lib'
[4.758s] Level 1:colcon.colcon_core.environment:checking '/home/jeff/ros2_ws/install/primo-arm-r00/bin'
[4.758s] Level 1:colcon.colcon_core.environment:checking '/home/jeff/ros2_ws/install/primo-arm-r00/lib/pkgconfig/primo-arm-r00.pc'
[4.759s] Level 1:colcon.colcon_core.environment:checking '/home/jeff/ros2_ws/install/primo-arm-r00/lib/python3.10/site-packages'
[4.759s] Level 1:colcon.colcon_core.shell:create_environment_hook('primo-arm-r00', 'pythonpath')
[4.759s] INFO:colcon.colcon_core.shell:Creating environment hook '/home/jeff/ros2_ws/install/primo-arm-r00/share/primo-arm-r00/hook/pythonpath.ps1'
[4.760s] INFO:colcon.colcon_core.shell:Creating environment descriptor '/home/jeff/ros2_ws/install/primo-arm-r00/share/primo-arm-r00/hook/pythonpath.dsv'
[4.760s] INFO:colcon.colcon_core.shell:Creating environment hook '/home/jeff/ros2_ws/install/primo-arm-r00/share/primo-arm-r00/hook/pythonpath.sh'
[4.762s] Level 1:colcon.colcon_core.environment:checking '/home/jeff/ros2_ws/install/primo-arm-r00/bin'
[4.762s] Level 1:colcon.colcon_core.environment:create_environment_scripts_only(primo-arm-r00)
[4.762s] INFO:colcon.colcon_core.shell:Creating package script '/home/jeff/ros2_ws/install/primo-arm-r00/share/primo-arm-r00/package.ps1'
[4.763s] INFO:colcon.colcon_core.shell:Creating package descriptor '/home/jeff/ros2_ws/install/primo-arm-r00/share/primo-arm-r00/package.dsv'
[4.764s] INFO:colcon.colcon_core.shell:Creating package script '/home/jeff/ros2_ws/install/primo-arm-r00/share/primo-arm-r00/package.sh'
[4.765s] INFO:colcon.colcon_core.shell:Creating package script '/home/jeff/ros2_ws/install/primo-arm-r00/share/primo-arm-r00/package.bash'
[4.765s] INFO:colcon.colcon_core.shell:Creating package script '/home/jeff/ros2_ws/install/primo-arm-r00/share/primo-arm-r00/package.zsh'
[4.766s] Level 1:colcon.colcon_core.environment:create_file_with_runtime_dependencies(/home/jeff/ros2_ws/install/primo-arm-r00/share/colcon-core/packages/primo-arm-r00)
[4.767s] DEBUG:colcon.colcon_parallel_executor.executor.parallel:closing loop
[4.768s] DEBUG:colcon.colcon_parallel_executor.executor.parallel:loop closed
[4.768s] DEBUG:colcon.colcon_parallel_executor.executor.parallel:run_until_complete finished with '0'
[4.769s] DEBUG:colcon.colcon_core.event_reactor:joining thread
[4.780s] INFO:colcon.colcon_core.plugin_system:Skipping extension 'colcon_notification.desktop_notification.terminal_notifier': Not used on non-Darwin systems
[4.780s] INFO:colcon.colcon_core.plugin_system:Skipping extension 'colcon_notification.desktop_notification.win32': Not used on non-Windows systems
[4.780s] INFO:colcon.colcon_notification.desktop_notification:Sending desktop notification using 'notify2'
[4.807s] DEBUG:colcon.colcon_core.event_reactor:joined thread
[4.808s] INFO:colcon.colcon_core.shell:Creating prefix script '/home/jeff/ros2_ws/install/local_setup.ps1'
[4.810s] INFO:colcon.colcon_core.shell:Creating prefix util module '/home/jeff/ros2_ws/install/_local_setup_util_ps1.py'
[4.814s] INFO:colcon.colcon_core.shell:Creating prefix chain script '/home/jeff/ros2_ws/install/setup.ps1'
[4.817s] INFO:colcon.colcon_core.shell:Creating prefix script '/home/jeff/ros2_ws/install/local_setup.sh'
[4.819s] INFO:colcon.colcon_core.shell:Creating prefix util module '/home/jeff/ros2_ws/install/_local_setup_util_sh.py'
[4.821s] INFO:colcon.colcon_core.shell:Creating prefix chain script '/home/jeff/ros2_ws/install/setup.sh'
[4.824s] INFO:colcon.colcon_core.shell:Creating prefix script '/home/jeff/ros2_ws/install/local_setup.bash'
[4.825s] INFO:colcon.colcon_core.shell:Creating prefix chain script '/home/jeff/ros2_ws/install/setup.bash'
[4.830s] INFO:colcon.colcon_core.shell:Creating prefix script '/home/jeff/ros2_ws/install/local_setup.zsh'
[4.832s] INFO:colcon.colcon_core.shell:Creating prefix chain script '/home/jeff/ros2_ws/install/setup.zsh'
