[1.156s] Invoking command in '/home/jeff/ros2_ws/src/primo-arm-r00': PYTHONPATH=/home/jeff/ros2_ws/build/primo-arm-r00/prefix_override:/usr/lib/python3/dist-packages/colcon_core/task/python/colcon_distutils_commands:/home/jeff/ros2_ws/install/primo-arm-r00/lib/python3.10/site-packages:${PYTHONPATH} /usr/bin/python3 -W ignore:setup.py install is deprecated -W ignore:easy_install command is deprecated setup.py egg_info --egg-base ../../build/primo-arm-r00 build --build-base /home/jeff/ros2_ws/build/primo-arm-r00/build install --record /home/jeff/ros2_ws/build/primo-arm-r00/install.log --single-version-externally-managed install_data
[1.544s] running egg_info
[1.545s] writing ../../build/primo-arm-r00/primo_arm_r00.egg-info/PKG-INFO
[1.546s] writing dependency_links to ../../build/primo-arm-r00/primo_arm_r00.egg-info/dependency_links.txt
[1.546s] writing entry points to ../../build/primo-arm-r00/primo_arm_r00.egg-info/entry_points.txt
[1.546s] writing requirements to ../../build/primo-arm-r00/primo_arm_r00.egg-info/requires.txt
[1.546s] writing top-level names to ../../build/primo-arm-r00/primo_arm_r00.egg-info/top_level.txt
[1.548s] reading manifest file '../../build/primo-arm-r00/primo_arm_r00.egg-info/SOURCES.txt'
[1.550s] writing manifest file '../../build/primo-arm-r00/primo_arm_r00.egg-info/SOURCES.txt'
[1.550s] running build
[1.550s] running build_py
[1.550s] running install
[1.551s] running install_lib
[1.553s] running install_data
[1.553s] copying urdf/arm.urdf.xacro -> /home/jeff/ros2_ws/install/primo-arm-r00/share/primo-arm-r00/urdf
[1.553s] running install_egg_info
[1.556s] removing '/home/jeff/ros2_ws/install/primo-arm-r00/lib/python3.10/site-packages/primo_arm_r00-0.0.0-py3.10.egg-info' (and everything under it)
[1.557s] Copying ../../build/primo-arm-r00/primo_arm_r00.egg-info to /home/jeff/ros2_ws/install/primo-arm-r00/lib/python3.10/site-packages/primo_arm_r00-0.0.0-py3.10.egg-info
[1.559s] running install_scripts
[1.591s] writing list of installed files to '/home/jeff/ros2_ws/build/primo-arm-r00/install.log'
[1.626s] Invoked command in '/home/jeff/ros2_ws/src/primo-arm-r00' returned '0': PYTHONPATH=/home/jeff/ros2_ws/build/primo-arm-r00/prefix_override:/usr/lib/python3/dist-packages/colcon_core/task/python/colcon_distutils_commands:/home/jeff/ros2_ws/install/primo-arm-r00/lib/python3.10/site-packages:${PYTHONPATH} /usr/bin/python3 -W ignore:setup.py install is deprecated -W ignore:easy_install command is deprecated setup.py egg_info --egg-base ../../build/primo-arm-r00 build --build-base /home/jeff/ros2_ws/build/primo-arm-r00/build install --record /home/jeff/ros2_ws/build/primo-arm-r00/install.log --single-version-externally-managed install_data
