[1.454s] Invoking command in '/home/jeff/ros2_ws/build/primo-arm-r01': PYTHONPATH=/home/jeff/ros2_ws/build/primo-arm-r01/prefix_override:/usr/lib/python3/dist-packages/colcon_core/task/python/colcon_distutils_commands:/home/jeff/ros2_ws/install/primo-arm-r01/lib/python3.10/site-packages:${PYTHONPATH} /usr/bin/python3 -W ignore:setup.py install is deprecated -W ignore:easy_install command is deprecated setup.py develop --editable --build-directory /home/jeff/ros2_ws/build/primo-arm-r01/build --no-deps symlink_data
[1.894s] running develop
[2.153s] running egg_info
[2.153s] creating primo_arm_r01.egg-info
[2.153s] writing primo_arm_r01.egg-info/PKG-INFO
[2.154s] writing dependency_links to primo_arm_r01.egg-info/dependency_links.txt
[2.154s] writing entry points to primo_arm_r01.egg-info/entry_points.txt
[2.154s] writing requirements to primo_arm_r01.egg-info/requires.txt
[2.154s] writing top-level names to primo_arm_r01.egg-info/top_level.txt
[2.155s] writing manifest file 'primo_arm_r01.egg-info/SOURCES.txt'
[2.156s] reading manifest file 'primo_arm_r01.egg-info/SOURCES.txt'
[2.157s] writing manifest file 'primo_arm_r01.egg-info/SOURCES.txt'
[2.159s] running build_ext
[2.161s] Creating /home/jeff/ros2_ws/install/primo-arm-r01/lib/python3.10/site-packages/primo-arm-r01.egg-link (link to .)
[2.162s] 
[2.162s] Installed /home/jeff/ros2_ws/build/primo-arm-r01
[2.163s] running symlink_data
[2.163s] symbolically linking /home/jeff/ros2_ws/build/primo-arm-r01/package.xml -> /home/jeff/ros2_ws/install/primo-arm-r01/share/primo-arm-r01
[2.163s] creating /home/jeff/ros2_ws/install/primo-arm-r01/share/primo-arm-r01/launch
[2.163s] error: can't copy '/home/jeff/ros2_ws/build/primo-arm-r01/launch/display.launch.py': doesn't exist or not a regular file
[2.212s] Invoked command in '/home/jeff/ros2_ws/build/primo-arm-r01' returned '1': PYTHONPATH=/home/jeff/ros2_ws/build/primo-arm-r01/prefix_override:/usr/lib/python3/dist-packages/colcon_core/task/python/colcon_distutils_commands:/home/jeff/ros2_ws/install/primo-arm-r01/lib/python3.10/site-packages:${PYTHONPATH} /usr/bin/python3 -W ignore:setup.py install is deprecated -W ignore:easy_install command is deprecated setup.py develop --editable --build-directory /home/jeff/ros2_ws/build/primo-arm-r01/build --no-deps symlink_data
